#
# There is insufficient memory for the Java Runtime Environment to continue.
# Native memory allocation (mmap) failed to map 201326592 bytes for G1 virtual space
# Possible reasons:
#   The system is out of physical RAM or swap space
#   The process is running with CompressedOops enabled, and the Java Heap may be blocking the growth of the native heap
# Possible solutions:
#   Reduce memory load on the system
#   Increase physical memory or swap space
#   Check if swap backing store is full
#   Decrease Java heap size (-Xmx/-Xms)
#   Decrease number of Java threads
#   Decrease Java thread stack sizes (-Xss)
#   Set larger code cache with -XX:ReservedCodeCacheSize=
#   JVM is running with Zero Based Compressed Oops mode in which the Java heap is
#     placed in the first 32GB address space. The Java Heap base address is the
#     maximum limit for the native heap growth. Please use -XX:HeapBaseMinAddress
#     to set the Java Heap base and to place the Java Heap above 32GB virtual address.
# This output file may be truncated or incomplete.
#
#  Out of Memory Error (os_windows.cpp:3771), pid=9816, tid=14148
#
# JRE version:  (17.0.7+7) (build )
# Java VM: OpenJDK 64-Bit Server VM (17.0.7+7-b964.1, mixed mode, sharing, tiered, compressed oops, compressed class ptrs, g1 gc, windows-amd64)
# No core dump will be written. Minidumps are not enabled by default on client versions of Windows
#

---------------  S U M M A R Y ------------

Command Line: -ea -Didea.test.cyclic.buffer.size=1048576 -javaagent:C:\Program Files\JetBrains\IntelliJ IDEA Community Edition 2023.1.2\lib\idea_rt.jar=50053:C:\Program Files\JetBrains\IntelliJ IDEA Community Edition 2023.1.2\bin -Dfile.encoding=UTF-8 com.intellij.rt.junit.JUnitStarter -ideVersion5 -junit5 com.ujo.test.util.StcisUtilTest,stcisRegionTest

Host: Intel(R) Core(TM) i5-7300HQ CPU @ 2.50GHz, 4 cores, 11G,  Windows 10 , 64 bit Build 19041 (10.0.19041.3031)
Time: Mon Jun 19 19:00:03 2023  Windows 10 , 64 bit Build 19041 (10.0.19041.3031) elapsed time: 0.028044 seconds (0d 0h 0m 0s)

---------------  T H R E A D  ---------------

Current thread (0x00000239dcdafca0):  JavaThread "Unknown thread" [_thread_in_vm, id=14148, stack(0x0000009d92b00000,0x0000009d92c00000)]

Stack: [0x0000009d92b00000,0x0000009d92c00000]
Native frames: (J=compiled Java code, j=interpreted, Vv=VM code, C=native code)
V  [jvm.dll+0x683b4a]


---------------  P R O C E S S  ---------------

Threads class SMR info:
_java_thread_list=0x00007ffe9d58d098, length=0, elements={
}

Java Threads: ( => current thread )

Other Threads:
  0x00000239dce078a0 GCTaskThread "GC Thread#0" [stack: 0x0000009d92c00000,0x0000009d92d00000] [id=14084]
  0x00000239dce145b0 ConcurrentGCThread "G1 Main Marker" [stack: 0x0000009d92d00000,0x0000009d92e00000] [id=12680]
  0x00000239dce15670 ConcurrentGCThread "G1 Conc#0" [stack: 0x0000009d92e00000,0x0000009d92f00000] [id=13232]

[error occurred during error reporting (printing all threads), id 0xc0000005, EXCEPTION_ACCESS_VIOLATION (0xc0000005) at pc=0x00007ffe9cd42087]

VM state: not at safepoint (not fully initialized)

VM Mutex/Monitor currently owned by a thread:  ([mutex/lock_event])
[0x00000239dcdaa810] Heap_lock - owner thread: 0x00000239dcdafca0

Heap address: 0x0000000741400000, size: 3052 MB, Compressed Oops mode: Zero based, Oop shift amount: 3

CDS archive(s) mapped at: [0x0000000000000000-0x0000000000000000-0x0000000000000000), size 0, SharedBaseAddress: 0x0000000800000000, ArchiveRelocationMode: 0.
Narrow klass base: 0x0000000000000000, Narrow klass shift: 0, Narrow klass range: 0x0

GC Precious Log:
<Empty>

Heap:
 garbage-first heap   total 0K, used 0K [0x0000000741400000, 0x0000000800000000)
  region size 2048K, 0 young (0K), 0 survivors (0K)

[error occurred during error reporting (printing heap information), id 0xc0000005, EXCEPTION_ACCESS_VIOLATION (0xc0000005) at pc=0x00007ffe9d12ddd9]

GC Heap History (0 events):
No events

Dll operation events (1 events):
Event: 0.016 Loaded shared library C:\Users\OJD\.jdks\jbr-17.0.7\bin\java.dll

Deoptimization events (0 events):
No events

Classes unloaded (0 events):
No events

Classes redefined (0 events):
No events

Internal exceptions (0 events):
No events

VM Operations (0 events):
No events

Events (0 events):
No events


Dynamic libraries:
0x00007ff7331a0000 - 0x00007ff7331aa000 	C:\Users\OJD\.jdks\jbr-17.0.7\bin\java.exe
0x00007ffee1810000 - 0x00007ffee1a08000 	C:\WINDOWS\SYSTEM32\ntdll.dll
0x00007ffee0210000 - 0x00007ffee02cf000 	C:\WINDOWS\System32\KERNEL32.DLL
0x00007ffedf2c0000 - 0x00007ffedf5b6000 	C:\WINDOWS\System32\KERNELBASE.dll
0x00007ffedefa0000 - 0x00007ffedf0a0000 	C:\WINDOWS\System32\ucrtbase.dll
0x00007ffed5480000 - 0x00007ffed549b000 	C:\Users\OJD\.jdks\jbr-17.0.7\bin\VCRUNTIME140.dll
0x00007ffed5ec0000 - 0x00007ffed5ed7000 	C:\Users\OJD\.jdks\jbr-17.0.7\bin\jli.dll
0x00007ffee13e0000 - 0x00007ffee157d000 	C:\WINDOWS\System32\USER32.dll
0x00007ffedf6e0000 - 0x00007ffedf702000 	C:\WINDOWS\System32\win32u.dll
0x00007ffee05d0000 - 0x00007ffee05fc000 	C:\WINDOWS\System32\GDI32.dll
0x00007ffedf1a0000 - 0x00007ffedf2b5000 	C:\WINDOWS\System32\gdi32full.dll
0x00007ffedf640000 - 0x00007ffedf6dd000 	C:\WINDOWS\System32\msvcp_win.dll
0x00007ffed5b70000 - 0x00007ffed5e0a000 	C:\WINDOWS\WinSxS\amd64_microsoft.windows.common-controls_6595b64144ccf1df_6.0.19041.1110_none_60b5254171f9507e\COMCTL32.dll
0x00007ffee0a60000 - 0x00007ffee0afe000 	C:\WINDOWS\System32\msvcrt.dll
0x00007ffee1580000 - 0x00007ffee15b0000 	C:\WINDOWS\System32\IMM32.DLL
0x00007ffed7330000 - 0x00007ffed733c000 	C:\Users\OJD\.jdks\jbr-17.0.7\bin\vcruntime140_1.dll
0x00007ffec4340000 - 0x00007ffec43cd000 	C:\Users\OJD\.jdks\jbr-17.0.7\bin\msvcp140.dll
0x00007ffe9ca50000 - 0x00007ffe9d6d0000 	C:\Users\OJD\.jdks\jbr-17.0.7\bin\server\jvm.dll
0x00007ffee0150000 - 0x00007ffee01ff000 	C:\WINDOWS\System32\ADVAPI32.dll
0x00007ffedf870000 - 0x00007ffedf90c000 	C:\WINDOWS\System32\sechost.dll
0x00007ffee1640000 - 0x00007ffee1766000 	C:\WINDOWS\System32\RPCRT4.dll
0x00007ffed9e80000 - 0x00007ffed9e89000 	C:\WINDOWS\SYSTEM32\WSOCK32.dll
0x00007ffee07f0000 - 0x00007ffee085b000 	C:\WINDOWS\System32\WS2_32.dll
0x00007ffecf2f0000 - 0x00007ffecf317000 	C:\WINDOWS\SYSTEM32\WINMM.dll
0x00007ffed4920000 - 0x00007ffed492a000 	C:\WINDOWS\SYSTEM32\VERSION.dll
0x00007ffedd730000 - 0x00007ffedd742000 	C:\WINDOWS\SYSTEM32\kernel.appcore.dll
0x00007ffed5770000 - 0x00007ffed577a000 	C:\Users\OJD\.jdks\jbr-17.0.7\bin\jimage.dll
0x00007ffed6850000 - 0x00007ffed6a34000 	C:\WINDOWS\SYSTEM32\DBGHELP.DLL
0x00007ffed65c0000 - 0x00007ffed65f4000 	C:\WINDOWS\SYSTEM32\dbgcore.DLL
0x00007ffedf110000 - 0x00007ffedf192000 	C:\WINDOWS\System32\bcryptPrimitives.dll
0x00007ffed18c0000 - 0x00007ffed18ce000 	C:\Users\OJD\.jdks\jbr-17.0.7\bin\instrument.dll
0x00007ffed2e20000 - 0x00007ffed2e45000 	C:\Users\OJD\.jdks\jbr-17.0.7\bin\java.dll

dbghelp: loaded successfully - version: 4.0.5 - missing functions: none
symbol engine: initialized successfully - sym options: 0x614 - pdb path: .;C:\Users\OJD\.jdks\jbr-17.0.7\bin;C:\WINDOWS\SYSTEM32;C:\WINDOWS\WinSxS\amd64_microsoft.windows.common-controls_6595b64144ccf1df_6.0.19041.1110_none_60b5254171f9507e;C:\Users\OJD\.jdks\jbr-17.0.7\bin\server

VM Arguments:
jvm_args: -ea -Didea.test.cyclic.buffer.size=1048576 -javaagent:C:\Program Files\JetBrains\IntelliJ IDEA Community Edition 2023.1.2\lib\idea_rt.jar=50053:C:\Program Files\JetBrains\IntelliJ IDEA Community Edition 2023.1.2\bin -Dfile.encoding=UTF-8 
java_command: com.intellij.rt.junit.JUnitStarter -ideVersion5 -junit5 com.ujo.test.util.StcisUtilTest,stcisRegionTest
java_class_path (initial): C:\Users\OJD\.m2\repository\org\junit\platform\junit-platform-launcher\1.9.3\junit-platform-launcher-1.9.3.jar;C:\Users\OJD\.m2\repository\org\junit\platform\junit-platform-engine\1.9.3\junit-platform-engine-1.9.3.jar;C:\Users\OJD\.m2\repository\org\opentest4j\opentest4j\1.2.0\opentest4j-1.2.0.jar;C:\Users\OJD\.m2\repository\org\junit\platform\junit-platform-commons\1.9.3\junit-platform-commons-1.9.3.jar;C:\Users\OJD\.m2\repository\org\apiguardian\apiguardian-api\1.1.2\apiguardian-api-1.1.2.jar;C:\Program Files\JetBrains\IntelliJ IDEA Community Edition 2023.1.2\lib\idea_rt.jar;C:\Program Files\JetBrains\IntelliJ IDEA Community Edition 2023.1.2\plugins\junit\lib\junit5-rt.jar;C:\Program Files\JetBrains\IntelliJ IDEA Community Edition 2023.1.2\plugins\junit\lib\junit-rt.jar;C:\work\test\out\test\classes;C:\work\test\out\production\classes;C:\work\test\out\production\resources;C:\Users\OJD\.gradle\caches\modules-2\files-2.1\org.springframework.boot\spring-boot-starter-batch\3.1.0\46c280a1fb3f358fee7f86d59abde5b4f5d15832\spring-boot-starter-batch-3.1.0.jar;C:\Users\OJD\.gradle\caches\modules-2\files-2.1\org.springframework.boot\spring-boot-starter-web\3.1.0\36a8666047ea49114e0974bece35e2ef68cf975f\spring-boot-starter-web-3.1.0.jar;C:\Users\OJD\.gradle\caches\modules-2\files-2.1\org.springframework.boot\spring-boot-starter-test\3.1.0\d3586ab09b3377ee5ccd9045ee7e7cae3bd983a7\spring-boot-starter-test-3.1.0.jar;C:\Users\OJD\.gradle\caches\modules-2\files-2.1\org.springframework.batch\spring-batch-test\5.0.2\859d92bdf4feee1ffee594c6748cccb8fc3a8ff9\spring-batch-test-5.0.2.jar;C:\Users\OJD\.gradle\caches\modules-2\files-2.1\org.springframework.boot\spring-boot-starter-jdbc\3.1.0\1a828c8ec6fd10bb13cf7732799b236b096a4c4a\spring-boot-starter-jdbc-3.1.0.jar;C:\Users\OJD\.gradle\caches\modules-2\files-2.1\org.springframework.boot\spring-boot-starter\3.1.0\2960a1f899f4ee3eb815dc85986b0428c1a5289f\spring-boot-starter-3.1.0.jar;C:\Users\OJD\.gradle\caches
Launcher Type: SUN_STANDARD

[Global flags]
     intx CICompilerCount                          = 3                                         {product} {ergonomic}
     uint ConcGCThreads                            = 1                                         {product} {ergonomic}
     uint G1ConcRefinementThreads                  = 4                                         {product} {ergonomic}
   size_t G1HeapRegionSize                         = 2097152                                   {product} {ergonomic}
    uintx GCDrainStackTargetSize                   = 64                                        {product} {ergonomic}
   size_t InitialHeapSize                          = 201326592                                 {product} {ergonomic}
   size_t MarkStackSize                            = 4194304                                   {product} {ergonomic}
   size_t MaxHeapSize                              = 3200253952                                {product} {ergonomic}
   size_t MinHeapDeltaBytes                        = 2097152                                   {product} {ergonomic}
   size_t MinHeapSize                              = 8388608                                   {product} {ergonomic}
    uintx NonNMethodCodeHeapSize                   = 5832780                                {pd product} {ergonomic}
    uintx NonProfiledCodeHeapSize                  = 122912730                              {pd product} {ergonomic}
    uintx ProfiledCodeHeapSize                     = 122912730                              {pd product} {ergonomic}
    uintx ReservedCodeCacheSize                    = 251658240                              {pd product} {ergonomic}
     bool SegmentedCodeCache                       = true                                      {product} {ergonomic}
   size_t SoftMaxHeapSize                          = 3200253952                             {manageable} {ergonomic}
     bool UseCompressedClassPointers               = true                           {product lp64_product} {ergonomic}
     bool UseCompressedOops                        = true                           {product lp64_product} {ergonomic}
     bool UseG1GC                                  = true                                      {product} {ergonomic}
     bool UseLargePagesIndividualAllocation        = false                                  {pd product} {ergonomic}

Logging:
Log output configuration:
 #0: stdout all=warning uptime,level,tags
 #1: stderr all=off uptime,level,tags

Environment Variables:
JAVA_HOME=C:\Program Files\RedHat\java-11-openjdk-11.0.18-1
PATH=C:\Program Files (x86)\Intel\iCLS Client\;C:\Program Files\Intel\iCLS Client\;C:\windows\system32;C:\windows;C:\windows\System32\Wbem;C:\windows\System32\WindowsPowerShell\v1.0\;C:\Program Files (x86)\NVIDIA Corporation\PhysX\Common;C:\Program Files (x86)\Intel\Intel(R) Management Engine Components\DAL;C:\Program Files\Intel\Intel(R) Management Engine Components\DAL;C:\Program Files (x86)\Intel\Intel(R) Management Engine Components\IPT;C:\Program Files\Intel\Intel(R) Management Engine Components\IPT;C:\WINDOWS\system32;C:\WINDOWS;C:\WINDOWS\System32\Wbem;C:\WINDOWS\System32\WindowsPowerShell\v1.0\;C:\WINDOWS\System32\OpenSSH\;C:\Program Files\Microsoft\Web Platform Installer\;C:\Program Files (x86)\Microsoft ASP.NET\ASP.NET Web Pages\v1.0\;C:\Program Files (x86)\Windows Kits\8.0\Windows Performance Toolkit\;C:\Program Files\Microsoft SQL Server\110\Tools\Binn\;C:\Program Files\nodejs\;C:\nodejs\;C:\Program Files\RedHat\java-11-openjdk-11.0.18-1\bin;C:\Program Files\PuTTY\;C:\Program Files\Bandizip\;C:\Users\OJD\AppData\Local\Microsoft\WindowsApps;C:\Users\OJD\AppData\Roaming\npm;C:\Users\OJD\AppData\Local\Programs\Microsoft VS Code\bin;C:\Program Files\JetBrains\IntelliJ IDEA Community Edition 2023.1.2\bin;
USERNAME=OJD
OS=Windows_NT
PROCESSOR_IDENTIFIER=Intel64 Family 6 Model 158 Stepping 9, GenuineIntel
TMP=C:\Users\OJD\AppData\Local\Temp
TEMP=C:\Users\OJD\AppData\Local\Temp


JNI global refs:

[error occurred during error reporting (JNI global references), id 0xc0000005, EXCEPTION_ACCESS_VIOLATION (0xc0000005) at pc=0x00007ffe9cb07fc0]

OOME stack traces (most recent first):
Classloader memory used:


---------------  S Y S T E M  ---------------

OS:
 Windows 10 , 64 bit Build 19041 (10.0.19041.3031)
OS uptime: 1 days 22:04 hours

CPU: total 4 (initial active 4) (4 cores per cpu, 1 threads per core) family 6 model 158 stepping 9 microcode 0xb4, cx8, cmov, fxsr, mmx, 3dnowpref, sse, sse2, sse3, ssse3, sse4.1, sse4.2, popcnt, lzcnt, tsc, tscinvbit, avx, avx2, aes, erms, clmul, bmi1, bmi2, adx, fma, vzeroupper, clflush, clflushopt

Memory: 4k page, system-wide physical 12201M (1711M free)
TotalPageFile size 12201M (AvailPageFile size 5M)
current process WorkingSet (physical memory assigned to process): 25M, peak: 26M
current process commit charge ("private bytes"): 66M, peak: 243M

vm_info: OpenJDK 64-Bit Server VM (17.0.7+7-b964.1) for windows-amd64 JRE (17.0.7+7-b964.1), built on 2023-05-19 by "builduser" with MS VC++ 16.10 / 16.11 (VS2019)

END.
