#
# There is insufficient memory for the Java Runtime Environment to continue.
# Native memory allocation (malloc) failed to allocate 1342192 bytes for Chunk::new
# Possible reasons:
#   The system is out of physical RAM or swap space
#   The process is running with CompressedOops enabled, and the Java Heap may be blocking the growth of the native heap
# Possible solutions:
#   Reduce memory load on the system
#   Increase physical memory or swap space
#   Check if swap backing store is full
#   Decrease Java heap size (-Xmx/-Xms)
#   Decrease number of Java threads
#   Decrease Java thread stack sizes (-Xss)
#   Set larger code cache with -XX:ReservedCodeCacheSize=
#   JVM is running with Unscaled Compressed Oops mode in which the Java heap is
#     placed in the first 4GB address space. The Java Heap base address is the
#     maximum limit for the native heap growth. Please use -XX:HeapBaseMinAddress
#     to set the Java Heap base and to place the Java Heap above 4GB virtual address.
# This output file may be truncated or incomplete.
#
#  Out of Memory Error (arena.cpp:189), pid=6324, tid=10688
#
# JRE version: OpenJDK Runtime Environment JBR-17.0.7+7-964.1-nomod (17.0.7+7) (build 17.0.7+7-b964.1)
# Java VM: OpenJDK 64-Bit Server VM JBR-17.0.7+7-964.1-nomod (17.0.7+7-b964.1, mixed mode, tiered, compressed oops, compressed class ptrs, g1 gc, windows-amd64)
# No core dump will be written. Minidumps are not enabled by default on client versions of Windows
#

---------------  S U M M A R Y ------------

Command Line: --add-opens=java.base/java.util.concurrent.atomic=ALL-UNNAMED -XX:MaxMetaspaceSize=256m -XX:+HeapDumpOnOutOfMemoryError --add-opens=java.base/java.util=ALL-UNNAMED --add-opens=java.base/java.lang=ALL-UNNAMED --add-opens=java.base/java.lang.invoke=ALL-UNNAMED --add-opens=java.prefs/java.util.prefs=ALL-UNNAMED --add-opens=java.base/java.nio.charset=ALL-UNNAMED --add-opens=java.base/java.net=ALL-UNNAMED --add-opens=java.base/java.util.concurrent.atomic=ALL-UNNAMED -Xms256m -Xmx512m -Dfile.encoding=x-windows-949 -Duser.country=KR -Duser.language=ko -Duser.variant org.gradle.launcher.daemon.bootstrap.GradleDaemon 7.6.1

Host: Intel(R) Core(TM) i5-7300HQ CPU @ 2.50GHz, 4 cores, 11G,  Windows 10 , 64 bit Build 19041 (10.0.19041.3031)
Time: Mon Jun 19 18:57:38 2023  Windows 10 , 64 bit Build 19041 (10.0.19041.3031) elapsed time: 23.815349 seconds (0d 0h 0m 23s)

---------------  T H R E A D  ---------------

Current thread (0x0000020fafb17550):  JavaThread "C2 CompilerThread1" daemon [_thread_in_native, id=10688, stack(0x0000003581400000,0x0000003581500000)]


Current CompileTask:
C2:  23816 4524       4       java.net.URLClassLoader$1::run (5 bytes)

Stack: [0x0000003581400000,0x0000003581500000]
Native frames: (J=compiled Java code, j=interpreted, Vv=VM code, C=native code)
V  [jvm.dll+0x683b4a]


---------------  P R O C E S S  ---------------

Threads class SMR info:
_java_thread_list=0x0000020fa9b3cc90, length=40, elements={
0x0000020f938bbd60, 0x0000020fa98ae060, 0x0000020fa98b16d0, 0x0000020fa98de0c0,
0x0000020fa9a28070, 0x0000020fa9a2acf0, 0x0000020fa9a2d5c0, 0x0000020fa9a4bca0,
0x0000020fa9a4d4e0, 0x0000020fa9a51510, 0x0000020fa9bf7040, 0x0000020fa9c0d010,
0x0000020faf7ce090, 0x0000020faee706a0, 0x0000020faf859000, 0x0000020fae192cd0,
0x0000020fae1bc120, 0x0000020faf5f9060, 0x0000020fae2ca450, 0x0000020fae2ca920,
0x0000020fae351540, 0x0000020fae351070, 0x0000020fae351a10, 0x0000020fae34fd30,
0x0000020fae34e050, 0x0000020fae34eec0, 0x0000020fae350200, 0x0000020fae350ba0,
0x0000020fae34e520, 0x0000020fae34e9f0, 0x0000020fae34f390, 0x0000020fae34f860,
0x0000020fb1908d50, 0x0000020fb190bd70, 0x0000020fb190a560, 0x0000020fb1907540,
0x0000020fb1907070, 0x0000020fb190a090, 0x0000020fb1907ee0, 0x0000020fafb17550
}

Java Threads: ( => current thread )
  0x0000020f938bbd60 JavaThread "main" [_thread_blocked, id=3096, stack(0x00000035fe200000,0x00000035fe300000)]
  0x0000020fa98ae060 JavaThread "Reference Handler" daemon [_thread_blocked, id=11672, stack(0x00000035fe900000,0x00000035fea00000)]
  0x0000020fa98b16d0 JavaThread "Finalizer" daemon [_thread_blocked, id=10276, stack(0x00000035fea00000,0x00000035feb00000)]
  0x0000020fa98de0c0 JavaThread "Signal Dispatcher" daemon [_thread_blocked, id=2372, stack(0x00000035feb00000,0x00000035fec00000)]
  0x0000020fa9a28070 JavaThread "Attach Listener" daemon [_thread_blocked, id=2500, stack(0x00000035fec00000,0x00000035fed00000)]
  0x0000020fa9a2acf0 JavaThread "Service Thread" daemon [_thread_blocked, id=11876, stack(0x00000035fed00000,0x00000035fee00000)]
  0x0000020fa9a2d5c0 JavaThread "Monitor Deflation Thread" daemon [_thread_blocked, id=12872, stack(0x00000035fee00000,0x00000035fef00000)]
  0x0000020fa9a4bca0 JavaThread "C2 CompilerThread0" daemon [_thread_in_native, id=12440, stack(0x00000035fef00000,0x00000035ff000000)]
  0x0000020fa9a4d4e0 JavaThread "C1 CompilerThread0" daemon [_thread_blocked, id=11784, stack(0x00000035ff000000,0x00000035ff100000)]
  0x0000020fa9a51510 JavaThread "Sweeper thread" daemon [_thread_blocked, id=4104, stack(0x00000035ff100000,0x00000035ff200000)]
  0x0000020fa9bf7040 JavaThread "Common-Cleaner" daemon [_thread_blocked, id=8016, stack(0x00000035ff200000,0x00000035ff300000)]
  0x0000020fa9c0d010 JavaThread "Notification Thread" daemon [_thread_blocked, id=1500, stack(0x00000035ff300000,0x00000035ff400000)]
  0x0000020faf7ce090 JavaThread "Daemon health stats" [_thread_blocked, id=13896, stack(0x00000035ff800000,0x00000035ff900000)]
  0x0000020faee706a0 JavaThread "Incoming local TCP Connector on port 50019" [_thread_in_native, id=13228, stack(0x00000035ff900000,0x00000035ffa00000)]
  0x0000020faf859000 JavaThread "Daemon periodic checks" [_thread_blocked, id=6412, stack(0x00000035ffa00000,0x00000035ffb00000)]
  0x0000020fae192cd0 JavaThread "Daemon" [_thread_blocked, id=6176, stack(0x00000035ffb00000,0x00000035ffc00000)]
  0x0000020fae1bc120 JavaThread "Handler for socket connection from /127.0.0.1:50019 to /127.0.0.1:50020" [_thread_in_native, id=2692, stack(0x00000035ffc00000,0x00000035ffd00000)]
  0x0000020faf5f9060 JavaThread "Cancel handler" [_thread_blocked, id=5660, stack(0x00000035ffd00000,0x00000035ffe00000)]
  0x0000020fae2ca450 JavaThread "Daemon worker" [_thread_blocked, id=4064, stack(0x00000035ffe00000,0x00000035fff00000)]
  0x0000020fae2ca920 JavaThread "Asynchronous log dispatcher for DefaultDaemonConnection: socket connection from /127.0.0.1:50019 to /127.0.0.1:50020" [_thread_blocked, id=13668, stack(0x00000035fff00000,0x0000003600000000)]
  0x0000020fae351540 JavaThread "Stdin handler" [_thread_blocked, id=14000, stack(0x0000003580000000,0x0000003580100000)]
  0x0000020fae351070 JavaThread "Daemon client event forwarder" [_thread_blocked, id=6592, stack(0x0000003580100000,0x0000003580200000)]
  0x0000020fae351a10 JavaThread "Cache worker for journal cache (C:\Users\OJD\.gradle\caches\journal-1)" [_thread_blocked, id=13820, stack(0x0000003580200000,0x0000003580300000)]
  0x0000020fae34fd30 JavaThread "File lock request listener" [_thread_in_native, id=8712, stack(0x0000003580300000,0x0000003580400000)]
  0x0000020fae34e050 JavaThread "Cache worker for file hash cache (C:\Users\OJD\.gradle\caches\7.6.1\fileHashes)" [_thread_blocked, id=6732, stack(0x0000003580400000,0x0000003580500000)]
  0x0000020fae34eec0 JavaThread "File lock release action executor" [_thread_blocked, id=10372, stack(0x0000003580500000,0x0000003580600000)]
  0x0000020fae350200 JavaThread "File watcher server" daemon [_thread_in_native, id=2300, stack(0x0000003580600000,0x0000003580700000)]
  0x0000020fae350ba0 JavaThread "File watcher consumer" daemon [_thread_blocked, id=9428, stack(0x0000003580700000,0x0000003580800000)]
  0x0000020fae34e520 JavaThread "jar transforms" [_thread_blocked, id=12132, stack(0x0000003580900000,0x0000003580a00000)]
  0x0000020fae34e9f0 JavaThread "jar transforms Thread 2" [_thread_blocked, id=2780, stack(0x0000003580a00000,0x0000003580b00000)]
  0x0000020fae34f390 JavaThread "jar transforms Thread 3" [_thread_blocked, id=488, stack(0x0000003580b00000,0x0000003580c00000)]
  0x0000020fae34f860 JavaThread "jar transforms Thread 4" [_thread_blocked, id=6172, stack(0x0000003580c00000,0x0000003580d00000)]
  0x0000020fb1908d50 JavaThread "Cache worker for checksums cache (C:\work\test\.gradle\7.6.1\checksums)" [_thread_blocked, id=10464, stack(0x0000003580800000,0x0000003580900000)]
  0x0000020fb190bd70 JavaThread "Cache worker for cache directory md-rule (C:\Users\OJD\.gradle\caches\7.6.1\md-rule)" [_thread_blocked, id=10732, stack(0x0000003580e00000,0x0000003580f00000)]
  0x0000020fb190a560 JavaThread "Cache worker for file content cache (C:\Users\OJD\.gradle\caches\7.6.1\fileContent)" [_thread_blocked, id=4040, stack(0x0000003580f00000,0x0000003581000000)]
  0x0000020fb1907540 JavaThread "Cache worker for file hash cache (C:\work\test\.gradle\7.6.1\fileHashes)" [_thread_blocked, id=13892, stack(0x0000003581000000,0x0000003581100000)]
  0x0000020fb1907070 JavaThread "Cache worker for cache directory md-supplier (C:\Users\OJD\.gradle\caches\7.6.1\md-supplier)" [_thread_blocked, id=7364, stack(0x0000003581100000,0x0000003581200000)]
  0x0000020fb190a090 JavaThread "Cache worker for execution history cache (C:\Users\OJD\.gradle\caches\7.6.1\executionHistory)" [_thread_blocked, id=8568, stack(0x0000003581300000,0x0000003581400000)]
  0x0000020fb1907ee0 JavaThread "Cache worker for kotlin-dsl (C:\Users\OJD\.gradle\caches\7.6.1\kotlin-dsl)" [_thread_blocked, id=1264, stack(0x0000003581200000,0x0000003581300000)]
=>0x0000020fafb17550 JavaThread "C2 CompilerThread1" daemon [_thread_in_native, id=10688, stack(0x0000003581400000,0x0000003581500000)]

Other Threads:
  0x0000020fa9853600 VMThread "VM Thread" [stack: 0x00000035fe800000,0x00000035fe900000] [id=12332]
  0x0000020fa9c0d4e0 WatcherThread [stack: 0x00000035ff400000,0x00000035ff500000] [id=14300]
  0x0000020f938e8b30 GCTaskThread "GC Thread#0" [stack: 0x00000035fe300000,0x00000035fe400000] [id=3240]
  0x0000020fae6a9340 GCTaskThread "GC Thread#1" [stack: 0x00000035ff500000,0x00000035ff600000] [id=1216]
  0x0000020fae6a95f0 GCTaskThread "GC Thread#2" [stack: 0x00000035ff600000,0x00000035ff700000] [id=3324]
  0x0000020fae6a98a0 GCTaskThread "GC Thread#3" [stack: 0x00000035ff700000,0x00000035ff800000] [id=6864]
  0x0000020f938ed980 ConcurrentGCThread "G1 Main Marker" [stack: 0x00000035fe400000,0x00000035fe500000] [id=3224]
  0x0000020f938ee2a0 ConcurrentGCThread "G1 Conc#0" [stack: 0x00000035fe500000,0x00000035fe600000] [id=11096]
  0x0000020fa97124c0 ConcurrentGCThread "G1 Refine#0" [stack: 0x00000035fe600000,0x00000035fe700000] [id=6536]
  0x0000020fb01d1c10 ConcurrentGCThread "G1 Refine#1" [stack: 0x0000003580d00000,0x0000003580e00000] [id=9552]
  0x0000020fa9712df0 ConcurrentGCThread "G1 Service" [stack: 0x00000035fe700000,0x00000035fe800000] [id=13628]

Threads with active compile tasks:
C2 CompilerThread0    23989 4523   !   4       java.net.URLClassLoader::findClass (47 bytes)
C2 CompilerThread1    23989 4524       4       java.net.URLClassLoader$1::run (5 bytes)

VM state: not at safepoint (normal execution)

VM Mutex/Monitor currently owned by a thread: None

Heap address: 0x00000000e0000000, size: 512 MB, Compressed Oops mode: 32-bit

CDS archive(s) not mapped
Compressed class space mapped at: 0x0000000100000000-0x000000010d000000, reserved size: 218103808
Narrow klass base: 0x0000000000000000, Narrow klass shift: 3, Narrow klass range: 0x10d000000

GC Precious Log:
 CPUs: 4 total, 4 available
 Memory: 12201M
 Large Page Support: Disabled
 NUMA Support: Disabled
 Compressed Oops: Enabled (32-bit)
 Heap Region Size: 1M
 Heap Min Capacity: 256M
 Heap Initial Capacity: 256M
 Heap Max Capacity: 512M
 Pre-touch: Disabled
 Parallel Workers: 4
 Concurrent Workers: 1
 Concurrent Refinement Workers: 4
 Periodic GC: Disabled

Heap:
 garbage-first heap   total 262144K, used 151050K [0x00000000e0000000, 0x0000000100000000)
  region size 1024K, 112 young (114688K), 2 survivors (2048K)
 Metaspace       used 49159K, committed 49664K, reserved 278528K
  class space    used 6421K, committed 6656K, reserved 212992K

Heap Regions: E=young(eden), S=young(survivor), O=old, HS=humongous(starts), HC=humongous(continues), CS=collection set, F=free, OA=open archive, CA=closed archive, TAMS=top-at-mark-start (previous, next)
|   0|0x00000000e0000000, 0x00000000e0100000, 0x00000000e0100000|100%| O|  |TAMS 0x00000000e0100000, 0x00000000e0000000| Untracked 
|   1|0x00000000e0100000, 0x00000000e0200000, 0x00000000e0200000|100%| O|  |TAMS 0x00000000e0200000, 0x00000000e0100000| Untracked 
|   2|0x00000000e0200000, 0x00000000e0300000, 0x00000000e0300000|100%|HS|  |TAMS 0x00000000e0300000, 0x00000000e0200000| Complete 
|   3|0x00000000e0300000, 0x00000000e0400000, 0x00000000e0400000|100%|HC|  |TAMS 0x00000000e0400000, 0x00000000e0300000| Complete 
|   4|0x00000000e0400000, 0x00000000e0500000, 0x00000000e0500000|100%|HC|  |TAMS 0x00000000e0500000, 0x00000000e0400000| Complete 
|   5|0x00000000e0500000, 0x00000000e0600000, 0x00000000e0600000|100%| O|  |TAMS 0x00000000e0600000, 0x00000000e0500000| Untracked 
|   6|0x00000000e0600000, 0x00000000e0700000, 0x00000000e0700000|100%|HS|  |TAMS 0x00000000e0600000, 0x00000000e0600000| Complete 
|   7|0x00000000e0700000, 0x00000000e0800000, 0x00000000e0800000|100%| O|  |TAMS 0x00000000e0800000, 0x00000000e0700000| Untracked 
|   8|0x00000000e0800000, 0x00000000e0900000, 0x00000000e0900000|100%| O|  |TAMS 0x00000000e0900000, 0x00000000e0800000| Untracked 
|   9|0x00000000e0900000, 0x00000000e0a00000, 0x00000000e0a00000|100%| O|  |TAMS 0x00000000e0a00000, 0x00000000e0900000| Untracked 
|  10|0x00000000e0a00000, 0x00000000e0b00000, 0x00000000e0b00000|100%| O|  |TAMS 0x00000000e0b00000, 0x00000000e0a00000| Untracked 
|  11|0x00000000e0b00000, 0x00000000e0c00000, 0x00000000e0c00000|100%|HS|  |TAMS 0x00000000e0c00000, 0x00000000e0b00000| Complete 
|  12|0x00000000e0c00000, 0x00000000e0d00000, 0x00000000e0d00000|100%|HC|  |TAMS 0x00000000e0d00000, 0x00000000e0c00000| Complete 
|  13|0x00000000e0d00000, 0x00000000e0e00000, 0x00000000e0e00000|100%|HS|  |TAMS 0x00000000e0e00000, 0x00000000e0d00000| Complete 
|  14|0x00000000e0e00000, 0x00000000e0f00000, 0x00000000e0f00000|100%|HC|  |TAMS 0x00000000e0f00000, 0x00000000e0e00000| Complete 
|  15|0x00000000e0f00000, 0x00000000e1000000, 0x00000000e1000000|100%|HC|  |TAMS 0x00000000e1000000, 0x00000000e0f00000| Complete 
|  16|0x00000000e1000000, 0x00000000e1100000, 0x00000000e1100000|100%|HS|  |TAMS 0x00000000e1100000, 0x00000000e1000000| Complete 
|  17|0x00000000e1100000, 0x00000000e1200000, 0x00000000e1200000|100%|HC|  |TAMS 0x00000000e1200000, 0x00000000e1100000| Complete 
|  18|0x00000000e1200000, 0x00000000e1300000, 0x00000000e1300000|100%| O|  |TAMS 0x00000000e1300000, 0x00000000e1200000| Untracked 
|  19|0x00000000e1300000, 0x00000000e1400000, 0x00000000e1400000|100%| O|  |TAMS 0x00000000e1400000, 0x00000000e1300000| Untracked 
|  20|0x00000000e1400000, 0x00000000e1500000, 0x00000000e1500000|100%| O|  |TAMS 0x00000000e1500000, 0x00000000e1400000| Untracked 
|  21|0x00000000e1500000, 0x00000000e1600000, 0x00000000e1600000|100%| O|  |TAMS 0x00000000e1600000, 0x00000000e1500000| Untracked 
|  22|0x00000000e1600000, 0x00000000e1700000, 0x00000000e1700000|100%| O|  |TAMS 0x00000000e1700000, 0x00000000e1600000| Untracked 
|  23|0x00000000e1700000, 0x00000000e1800000, 0x00000000e1800000|100%| O|  |TAMS 0x00000000e1800000, 0x00000000e1700000| Untracked 
|  24|0x00000000e1800000, 0x00000000e1900000, 0x00000000e1900000|100%| O|  |TAMS 0x00000000e1900000, 0x00000000e1800000| Untracked 
|  25|0x00000000e1900000, 0x00000000e1a00000, 0x00000000e1a00000|100%| O|  |TAMS 0x00000000e1a00000, 0x00000000e1900000| Untracked 
|  26|0x00000000e1a00000, 0x00000000e1b00000, 0x00000000e1b00000|100%| O|  |TAMS 0x00000000e1b00000, 0x00000000e1a00000| Untracked 
|  27|0x00000000e1b00000, 0x00000000e1c00000, 0x00000000e1c00000|100%| O|  |TAMS 0x00000000e1c00000, 0x00000000e1b00000| Untracked 
|  28|0x00000000e1c00000, 0x00000000e1d00000, 0x00000000e1d00000|100%| O|  |TAMS 0x00000000e1d00000, 0x00000000e1c00000| Untracked 
|  29|0x00000000e1d00000, 0x00000000e1dcca00, 0x00000000e1e00000| 79%| O|  |TAMS 0x00000000e1dcca00, 0x00000000e1d00000| Untracked 
|  30|0x00000000e1e00000, 0x00000000e1f00000, 0x00000000e1f00000|100%|HS|  |TAMS 0x00000000e1e00000, 0x00000000e1e00000| Complete 
|  31|0x00000000e1f00000, 0x00000000e2000000, 0x00000000e2000000|100%|HC|  |TAMS 0x00000000e1f00000, 0x00000000e1f00000| Complete 
|  32|0x00000000e2000000, 0x00000000e2100000, 0x00000000e2100000|100%|HS|  |TAMS 0x00000000e2000000, 0x00000000e2000000| Complete 
|  33|0x00000000e2100000, 0x00000000e2200000, 0x00000000e2200000|100%|HC|  |TAMS 0x00000000e2100000, 0x00000000e2100000| Complete 
|  34|0x00000000e2200000, 0x00000000e2300000, 0x00000000e2300000|100%|HS|  |TAMS 0x00000000e2200000, 0x00000000e2200000| Complete 
|  35|0x00000000e2300000, 0x00000000e2400000, 0x00000000e2400000|100%|HC|  |TAMS 0x00000000e2300000, 0x00000000e2300000| Complete 
|  36|0x00000000e2400000, 0x00000000e2500000, 0x00000000e2500000|100%|HC|  |TAMS 0x00000000e2400000, 0x00000000e2400000| Complete 
|  37|0x00000000e2500000, 0x00000000e2600000, 0x00000000e2600000|100%|HS|  |TAMS 0x00000000e2500000, 0x00000000e2500000| Complete 
|  38|0x00000000e2600000, 0x00000000e2600000, 0x00000000e2700000|  0%| F|  |TAMS 0x00000000e2600000, 0x00000000e2600000| Untracked 
|  39|0x00000000e2700000, 0x00000000e2700000, 0x00000000e2800000|  0%| F|  |TAMS 0x00000000e2700000, 0x00000000e2700000| Untracked 
|  40|0x00000000e2800000, 0x00000000e2800000, 0x00000000e2900000|  0%| F|  |TAMS 0x00000000e2800000, 0x00000000e2800000| Untracked 
|  41|0x00000000e2900000, 0x00000000e2900000, 0x00000000e2a00000|  0%| F|  |TAMS 0x00000000e2900000, 0x00000000e2900000| Untracked 
|  42|0x00000000e2a00000, 0x00000000e2a00000, 0x00000000e2b00000|  0%| F|  |TAMS 0x00000000e2a00000, 0x00000000e2a00000| Untracked 
|  43|0x00000000e2b00000, 0x00000000e2b00000, 0x00000000e2c00000|  0%| F|  |TAMS 0x00000000e2b00000, 0x00000000e2b00000| Untracked 
|  44|0x00000000e2c00000, 0x00000000e2c00000, 0x00000000e2d00000|  0%| F|  |TAMS 0x00000000e2c00000, 0x00000000e2c00000| Untracked 
|  45|0x00000000e2d00000, 0x00000000e2d00000, 0x00000000e2e00000|  0%| F|  |TAMS 0x00000000e2d00000, 0x00000000e2d00000| Untracked 
|  46|0x00000000e2e00000, 0x00000000e2e00000, 0x00000000e2f00000|  0%| F|  |TAMS 0x00000000e2e00000, 0x00000000e2e00000| Untracked 
|  47|0x00000000e2f00000, 0x00000000e2f00000, 0x00000000e3000000|  0%| F|  |TAMS 0x00000000e2f00000, 0x00000000e2f00000| Untracked 
|  48|0x00000000e3000000, 0x00000000e3000000, 0x00000000e3100000|  0%| F|  |TAMS 0x00000000e3000000, 0x00000000e3000000| Untracked 
|  49|0x00000000e3100000, 0x00000000e3100000, 0x00000000e3200000|  0%| F|  |TAMS 0x00000000e3100000, 0x00000000e3100000| Untracked 
|  50|0x00000000e3200000, 0x00000000e3200000, 0x00000000e3300000|  0%| F|  |TAMS 0x00000000e3200000, 0x00000000e3200000| Untracked 
|  51|0x00000000e3300000, 0x00000000e3300000, 0x00000000e3400000|  0%| F|  |TAMS 0x00000000e3300000, 0x00000000e3300000| Untracked 
|  52|0x00000000e3400000, 0x00000000e3400000, 0x00000000e3500000|  0%| F|  |TAMS 0x00000000e3400000, 0x00000000e3400000| Untracked 
|  53|0x00000000e3500000, 0x00000000e3500000, 0x00000000e3600000|  0%| F|  |TAMS 0x00000000e3500000, 0x00000000e3500000| Untracked 
|  54|0x00000000e3600000, 0x00000000e3600000, 0x00000000e3700000|  0%| F|  |TAMS 0x00000000e3600000, 0x00000000e3600000| Untracked 
|  55|0x00000000e3700000, 0x00000000e3700000, 0x00000000e3800000|  0%| F|  |TAMS 0x00000000e3700000, 0x00000000e3700000| Untracked 
|  56|0x00000000e3800000, 0x00000000e3800000, 0x00000000e3900000|  0%| F|  |TAMS 0x00000000e3800000, 0x00000000e3800000| Untracked 
|  57|0x00000000e3900000, 0x00000000e3900000, 0x00000000e3a00000|  0%| F|  |TAMS 0x00000000e3900000, 0x00000000e3900000| Untracked 
|  58|0x00000000e3a00000, 0x00000000e3a00000, 0x00000000e3b00000|  0%| F|  |TAMS 0x00000000e3a00000, 0x00000000e3a00000| Untracked 
|  59|0x00000000e3b00000, 0x00000000e3b00000, 0x00000000e3c00000|  0%| F|  |TAMS 0x00000000e3b00000, 0x00000000e3b00000| Untracked 
|  60|0x00000000e3c00000, 0x00000000e3c00000, 0x00000000e3d00000|  0%| F|  |TAMS 0x00000000e3c00000, 0x00000000e3c00000| Untracked 
|  61|0x00000000e3d00000, 0x00000000e3d00000, 0x00000000e3e00000|  0%| F|  |TAMS 0x00000000e3d00000, 0x00000000e3d00000| Untracked 
|  62|0x00000000e3e00000, 0x00000000e3e00000, 0x00000000e3f00000|  0%| F|  |TAMS 0x00000000e3e00000, 0x00000000e3e00000| Untracked 
|  63|0x00000000e3f00000, 0x00000000e3f00000, 0x00000000e4000000|  0%| F|  |TAMS 0x00000000e3f00000, 0x00000000e3f00000| Untracked 
|  64|0x00000000e4000000, 0x00000000e4000000, 0x00000000e4100000|  0%| F|  |TAMS 0x00000000e4000000, 0x00000000e4000000| Untracked 
|  65|0x00000000e4100000, 0x00000000e4100000, 0x00000000e4200000|  0%| F|  |TAMS 0x00000000e4100000, 0x00000000e4100000| Untracked 
|  66|0x00000000e4200000, 0x00000000e4200000, 0x00000000e4300000|  0%| F|  |TAMS 0x00000000e4200000, 0x00000000e4200000| Untracked 
|  67|0x00000000e4300000, 0x00000000e4300000, 0x00000000e4400000|  0%| F|  |TAMS 0x00000000e4300000, 0x00000000e4300000| Untracked 
|  68|0x00000000e4400000, 0x00000000e4400000, 0x00000000e4500000|  0%| F|  |TAMS 0x00000000e4400000, 0x00000000e4400000| Untracked 
|  69|0x00000000e4500000, 0x00000000e4500000, 0x00000000e4600000|  0%| F|  |TAMS 0x00000000e4500000, 0x00000000e4500000| Untracked 
|  70|0x00000000e4600000, 0x00000000e4600000, 0x00000000e4700000|  0%| F|  |TAMS 0x00000000e4600000, 0x00000000e4600000| Untracked 
|  71|0x00000000e4700000, 0x00000000e4700000, 0x00000000e4800000|  0%| F|  |TAMS 0x00000000e4700000, 0x00000000e4700000| Untracked 
|  72|0x00000000e4800000, 0x00000000e4800000, 0x00000000e4900000|  0%| F|  |TAMS 0x00000000e4800000, 0x00000000e4800000| Untracked 
|  73|0x00000000e4900000, 0x00000000e4900000, 0x00000000e4a00000|  0%| F|  |TAMS 0x00000000e4900000, 0x00000000e4900000| Untracked 
|  74|0x00000000e4a00000, 0x00000000e4a00000, 0x00000000e4b00000|  0%| F|  |TAMS 0x00000000e4a00000, 0x00000000e4a00000| Untracked 
|  75|0x00000000e4b00000, 0x00000000e4b00000, 0x00000000e4c00000|  0%| F|  |TAMS 0x00000000e4b00000, 0x00000000e4b00000| Untracked 
|  76|0x00000000e4c00000, 0x00000000e4c00000, 0x00000000e4d00000|  0%| F|  |TAMS 0x00000000e4c00000, 0x00000000e4c00000| Untracked 
|  77|0x00000000e4d00000, 0x00000000e4d00000, 0x00000000e4e00000|  0%| F|  |TAMS 0x00000000e4d00000, 0x00000000e4d00000| Untracked 
|  78|0x00000000e4e00000, 0x00000000e4e00000, 0x00000000e4f00000|  0%| F|  |TAMS 0x00000000e4e00000, 0x00000000e4e00000| Untracked 
|  79|0x00000000e4f00000, 0x00000000e4f00000, 0x00000000e5000000|  0%| F|  |TAMS 0x00000000e4f00000, 0x00000000e4f00000| Untracked 
|  80|0x00000000e5000000, 0x00000000e5000000, 0x00000000e5100000|  0%| F|  |TAMS 0x00000000e5000000, 0x00000000e5000000| Untracked 
|  81|0x00000000e5100000, 0x00000000e5100000, 0x00000000e5200000|  0%| F|  |TAMS 0x00000000e5100000, 0x00000000e5100000| Untracked 
|  82|0x00000000e5200000, 0x00000000e5200000, 0x00000000e5300000|  0%| F|  |TAMS 0x00000000e5200000, 0x00000000e5200000| Untracked 
|  83|0x00000000e5300000, 0x00000000e5300000, 0x00000000e5400000|  0%| F|  |TAMS 0x00000000e5300000, 0x00000000e5300000| Untracked 
|  84|0x00000000e5400000, 0x00000000e5400000, 0x00000000e5500000|  0%| F|  |TAMS 0x00000000e5400000, 0x00000000e5400000| Untracked 
|  85|0x00000000e5500000, 0x00000000e5500000, 0x00000000e5600000|  0%| F|  |TAMS 0x00000000e5500000, 0x00000000e5500000| Untracked 
|  86|0x00000000e5600000, 0x00000000e5600000, 0x00000000e5700000|  0%| F|  |TAMS 0x00000000e5600000, 0x00000000e5600000| Untracked 
|  87|0x00000000e5700000, 0x00000000e5700000, 0x00000000e5800000|  0%| F|  |TAMS 0x00000000e5700000, 0x00000000e5700000| Untracked 
|  88|0x00000000e5800000, 0x00000000e5800000, 0x00000000e5900000|  0%| F|  |TAMS 0x00000000e5800000, 0x00000000e5800000| Untracked 
|  89|0x00000000e5900000, 0x00000000e5900000, 0x00000000e5a00000|  0%| F|  |TAMS 0x00000000e5900000, 0x00000000e5900000| Untracked 
|  90|0x00000000e5a00000, 0x00000000e5a00000, 0x00000000e5b00000|  0%| F|  |TAMS 0x00000000e5a00000, 0x00000000e5a00000| Untracked 
|  91|0x00000000e5b00000, 0x00000000e5b00000, 0x00000000e5c00000|  0%| F|  |TAMS 0x00000000e5b00000, 0x00000000e5b00000| Untracked 
|  92|0x00000000e5c00000, 0x00000000e5c00000, 0x00000000e5d00000|  0%| F|  |TAMS 0x00000000e5c00000, 0x00000000e5c00000| Untracked 
|  93|0x00000000e5d00000, 0x00000000e5d00000, 0x00000000e5e00000|  0%| F|  |TAMS 0x00000000e5d00000, 0x00000000e5d00000| Untracked 
|  94|0x00000000e5e00000, 0x00000000e5e00000, 0x00000000e5f00000|  0%| F|  |TAMS 0x00000000e5e00000, 0x00000000e5e00000| Untracked 
|  95|0x00000000e5f00000, 0x00000000e5f00000, 0x00000000e6000000|  0%| F|  |TAMS 0x00000000e5f00000, 0x00000000e5f00000| Untracked 
|  96|0x00000000e6000000, 0x00000000e6000000, 0x00000000e6100000|  0%| F|  |TAMS 0x00000000e6000000, 0x00000000e6000000| Untracked 
|  97|0x00000000e6100000, 0x00000000e6100000, 0x00000000e6200000|  0%| F|  |TAMS 0x00000000e6100000, 0x00000000e6100000| Untracked 
|  98|0x00000000e6200000, 0x00000000e6200000, 0x00000000e6300000|  0%| F|  |TAMS 0x00000000e6200000, 0x00000000e6200000| Untracked 
|  99|0x00000000e6300000, 0x00000000e6300000, 0x00000000e6400000|  0%| F|  |TAMS 0x00000000e6300000, 0x00000000e6300000| Untracked 
| 100|0x00000000e6400000, 0x00000000e6400000, 0x00000000e6500000|  0%| F|  |TAMS 0x00000000e6400000, 0x00000000e6400000| Untracked 
| 101|0x00000000e6500000, 0x00000000e6500000, 0x00000000e6600000|  0%| F|  |TAMS 0x00000000e6500000, 0x00000000e6500000| Untracked 
| 102|0x00000000e6600000, 0x00000000e6600000, 0x00000000e6700000|  0%| F|  |TAMS 0x00000000e6600000, 0x00000000e6600000| Untracked 
| 103|0x00000000e6700000, 0x00000000e6700000, 0x00000000e6800000|  0%| F|  |TAMS 0x00000000e6700000, 0x00000000e6700000| Untracked 
| 104|0x00000000e6800000, 0x00000000e6800000, 0x00000000e6900000|  0%| F|  |TAMS 0x00000000e6800000, 0x00000000e6800000| Untracked 
| 105|0x00000000e6900000, 0x00000000e6900000, 0x00000000e6a00000|  0%| F|  |TAMS 0x00000000e6900000, 0x00000000e6900000| Untracked 
| 106|0x00000000e6a00000, 0x00000000e6a00000, 0x00000000e6b00000|  0%| F|  |TAMS 0x00000000e6a00000, 0x00000000e6a00000| Untracked 
| 107|0x00000000e6b00000, 0x00000000e6b00000, 0x00000000e6c00000|  0%| F|  |TAMS 0x00000000e6b00000, 0x00000000e6b00000| Untracked 
| 108|0x00000000e6c00000, 0x00000000e6c00000, 0x00000000e6d00000|  0%| F|  |TAMS 0x00000000e6c00000, 0x00000000e6c00000| Untracked 
| 109|0x00000000e6d00000, 0x00000000e6d00000, 0x00000000e6e00000|  0%| F|  |TAMS 0x00000000e6d00000, 0x00000000e6d00000| Untracked 
| 110|0x00000000e6e00000, 0x00000000e6e00000, 0x00000000e6f00000|  0%| F|  |TAMS 0x00000000e6e00000, 0x00000000e6e00000| Untracked 
| 111|0x00000000e6f00000, 0x00000000e6f00000, 0x00000000e7000000|  0%| F|  |TAMS 0x00000000e6f00000, 0x00000000e6f00000| Untracked 
| 112|0x00000000e7000000, 0x00000000e7000000, 0x00000000e7100000|  0%| F|  |TAMS 0x00000000e7000000, 0x00000000e7000000| Untracked 
| 113|0x00000000e7100000, 0x00000000e7100000, 0x00000000e7200000|  0%| F|  |TAMS 0x00000000e7100000, 0x00000000e7100000| Untracked 
| 114|0x00000000e7200000, 0x00000000e7200000, 0x00000000e7300000|  0%| F|  |TAMS 0x00000000e7200000, 0x00000000e7200000| Untracked 
| 115|0x00000000e7300000, 0x00000000e7300000, 0x00000000e7400000|  0%| F|  |TAMS 0x00000000e7300000, 0x00000000e7300000| Untracked 
| 116|0x00000000e7400000, 0x00000000e7400000, 0x00000000e7500000|  0%| F|  |TAMS 0x00000000e7400000, 0x00000000e7400000| Untracked 
| 117|0x00000000e7500000, 0x00000000e7500000, 0x00000000e7600000|  0%| F|  |TAMS 0x00000000e7500000, 0x00000000e7500000| Untracked 
| 118|0x00000000e7600000, 0x00000000e7600000, 0x00000000e7700000|  0%| F|  |TAMS 0x00000000e7600000, 0x00000000e7600000| Untracked 
| 119|0x00000000e7700000, 0x00000000e7700000, 0x00000000e7800000|  0%| F|  |TAMS 0x00000000e7700000, 0x00000000e7700000| Untracked 
| 120|0x00000000e7800000, 0x00000000e7800000, 0x00000000e7900000|  0%| F|  |TAMS 0x00000000e7800000, 0x00000000e7800000| Untracked 
| 121|0x00000000e7900000, 0x00000000e7900000, 0x00000000e7a00000|  0%| F|  |TAMS 0x00000000e7900000, 0x00000000e7900000| Untracked 
| 122|0x00000000e7a00000, 0x00000000e7a00000, 0x00000000e7b00000|  0%| F|  |TAMS 0x00000000e7a00000, 0x00000000e7a00000| Untracked 
| 123|0x00000000e7b00000, 0x00000000e7b00000, 0x00000000e7c00000|  0%| F|  |TAMS 0x00000000e7b00000, 0x00000000e7b00000| Untracked 
| 124|0x00000000e7c00000, 0x00000000e7c00000, 0x00000000e7d00000|  0%| F|  |TAMS 0x00000000e7c00000, 0x00000000e7c00000| Untracked 
| 125|0x00000000e7d00000, 0x00000000e7d00000, 0x00000000e7e00000|  0%| F|  |TAMS 0x00000000e7d00000, 0x00000000e7d00000| Untracked 
| 126|0x00000000e7e00000, 0x00000000e7e00000, 0x00000000e7f00000|  0%| F|  |TAMS 0x00000000e7e00000, 0x00000000e7e00000| Untracked 
| 127|0x00000000e7f00000, 0x00000000e7f00000, 0x00000000e8000000|  0%| F|  |TAMS 0x00000000e7f00000, 0x00000000e7f00000| Untracked 
| 128|0x00000000e8000000, 0x00000000e8000000, 0x00000000e8100000|  0%| F|  |TAMS 0x00000000e8000000, 0x00000000e8000000| Untracked 
| 129|0x00000000e8100000, 0x00000000e8100000, 0x00000000e8200000|  0%| F|  |TAMS 0x00000000e8100000, 0x00000000e8100000| Untracked 
| 130|0x00000000e8200000, 0x00000000e8200000, 0x00000000e8300000|  0%| F|  |TAMS 0x00000000e8200000, 0x00000000e8200000| Untracked 
| 131|0x00000000e8300000, 0x00000000e8300000, 0x00000000e8400000|  0%| F|  |TAMS 0x00000000e8300000, 0x00000000e8300000| Untracked 
| 132|0x00000000e8400000, 0x00000000e8400000, 0x00000000e8500000|  0%| F|  |TAMS 0x00000000e8400000, 0x00000000e8400000| Untracked 
| 133|0x00000000e8500000, 0x00000000e8500000, 0x00000000e8600000|  0%| F|  |TAMS 0x00000000e8500000, 0x00000000e8500000| Untracked 
| 134|0x00000000e8600000, 0x00000000e8600000, 0x00000000e8700000|  0%| F|  |TAMS 0x00000000e8600000, 0x00000000e8600000| Untracked 
| 135|0x00000000e8700000, 0x00000000e8700000, 0x00000000e8800000|  0%| F|  |TAMS 0x00000000e8700000, 0x00000000e8700000| Untracked 
| 136|0x00000000e8800000, 0x00000000e8800000, 0x00000000e8900000|  0%| F|  |TAMS 0x00000000e8800000, 0x00000000e8800000| Untracked 
| 137|0x00000000e8900000, 0x00000000e8900000, 0x00000000e8a00000|  0%| F|  |TAMS 0x00000000e8900000, 0x00000000e8900000| Untracked 
| 138|0x00000000e8a00000, 0x00000000e8a00000, 0x00000000e8b00000|  0%| F|  |TAMS 0x00000000e8a00000, 0x00000000e8a00000| Untracked 
| 139|0x00000000e8b00000, 0x00000000e8b00000, 0x00000000e8c00000|  0%| F|  |TAMS 0x00000000e8b00000, 0x00000000e8b00000| Untracked 
| 140|0x00000000e8c00000, 0x00000000e8c00000, 0x00000000e8d00000|  0%| F|  |TAMS 0x00000000e8c00000, 0x00000000e8c00000| Untracked 
| 141|0x00000000e8d00000, 0x00000000e8d00000, 0x00000000e8e00000|  0%| F|  |TAMS 0x00000000e8d00000, 0x00000000e8d00000| Untracked 
| 142|0x00000000e8e00000, 0x00000000e8e00000, 0x00000000e8f00000|  0%| F|  |TAMS 0x00000000e8e00000, 0x00000000e8e00000| Untracked 
| 143|0x00000000e8f00000, 0x00000000e8f00000, 0x00000000e9000000|  0%| F|  |TAMS 0x00000000e8f00000, 0x00000000e8f00000| Untracked 
| 144|0x00000000e9000000, 0x00000000e9080800, 0x00000000e9100000| 50%| E|  |TAMS 0x00000000e9000000, 0x00000000e9000000| Complete 
| 145|0x00000000e9100000, 0x00000000e9200000, 0x00000000e9200000|100%| E|CS|TAMS 0x00000000e9100000, 0x00000000e9100000| Complete 
| 146|0x00000000e9200000, 0x00000000e9300000, 0x00000000e9300000|100%| E|CS|TAMS 0x00000000e9200000, 0x00000000e9200000| Complete 
| 147|0x00000000e9300000, 0x00000000e9400000, 0x00000000e9400000|100%| E|CS|TAMS 0x00000000e9300000, 0x00000000e9300000| Complete 
| 148|0x00000000e9400000, 0x00000000e9500000, 0x00000000e9500000|100%| E|CS|TAMS 0x00000000e9400000, 0x00000000e9400000| Complete 
| 149|0x00000000e9500000, 0x00000000e9600000, 0x00000000e9600000|100%| E|CS|TAMS 0x00000000e9500000, 0x00000000e9500000| Complete 
| 150|0x00000000e9600000, 0x00000000e9700000, 0x00000000e9700000|100%| E|CS|TAMS 0x00000000e9600000, 0x00000000e9600000| Complete 
| 151|0x00000000e9700000, 0x00000000e9800000, 0x00000000e9800000|100%| E|CS|TAMS 0x00000000e9700000, 0x00000000e9700000| Complete 
| 152|0x00000000e9800000, 0x00000000e9900000, 0x00000000e9900000|100%| E|CS|TAMS 0x00000000e9800000, 0x00000000e9800000| Complete 
| 153|0x00000000e9900000, 0x00000000e9a00000, 0x00000000e9a00000|100%| E|CS|TAMS 0x00000000e9900000, 0x00000000e9900000| Complete 
| 154|0x00000000e9a00000, 0x00000000e9b00000, 0x00000000e9b00000|100%| E|CS|TAMS 0x00000000e9a00000, 0x00000000e9a00000| Complete 
| 155|0x00000000e9b00000, 0x00000000e9c00000, 0x00000000e9c00000|100%| E|CS|TAMS 0x00000000e9b00000, 0x00000000e9b00000| Complete 
| 156|0x00000000e9c00000, 0x00000000e9d00000, 0x00000000e9d00000|100%| E|CS|TAMS 0x00000000e9c00000, 0x00000000e9c00000| Complete 
| 157|0x00000000e9d00000, 0x00000000e9e00000, 0x00000000e9e00000|100%| E|CS|TAMS 0x00000000e9d00000, 0x00000000e9d00000| Complete 
| 158|0x00000000e9e00000, 0x00000000e9f00000, 0x00000000e9f00000|100%| E|CS|TAMS 0x00000000e9e00000, 0x00000000e9e00000| Complete 
| 159|0x00000000e9f00000, 0x00000000ea000000, 0x00000000ea000000|100%| E|CS|TAMS 0x00000000e9f00000, 0x00000000e9f00000| Complete 
| 160|0x00000000ea000000, 0x00000000ea100000, 0x00000000ea100000|100%| E|CS|TAMS 0x00000000ea000000, 0x00000000ea000000| Complete 
| 161|0x00000000ea100000, 0x00000000ea200000, 0x00000000ea200000|100%| E|CS|TAMS 0x00000000ea100000, 0x00000000ea100000| Complete 
| 162|0x00000000ea200000, 0x00000000ea300000, 0x00000000ea300000|100%| E|CS|TAMS 0x00000000ea200000, 0x00000000ea200000| Complete 
| 163|0x00000000ea300000, 0x00000000ea400000, 0x00000000ea400000|100%| E|CS|TAMS 0x00000000ea300000, 0x00000000ea300000| Complete 
| 164|0x00000000ea400000, 0x00000000ea500000, 0x00000000ea500000|100%| E|CS|TAMS 0x00000000ea400000, 0x00000000ea400000| Complete 
| 165|0x00000000ea500000, 0x00000000ea600000, 0x00000000ea600000|100%| E|CS|TAMS 0x00000000ea500000, 0x00000000ea500000| Complete 
| 166|0x00000000ea600000, 0x00000000ea700000, 0x00000000ea700000|100%| E|CS|TAMS 0x00000000ea600000, 0x00000000ea600000| Complete 
| 167|0x00000000ea700000, 0x00000000ea800000, 0x00000000ea800000|100%| E|CS|TAMS 0x00000000ea700000, 0x00000000ea700000| Complete 
| 168|0x00000000ea800000, 0x00000000ea900000, 0x00000000ea900000|100%| E|CS|TAMS 0x00000000ea800000, 0x00000000ea800000| Complete 
| 169|0x00000000ea900000, 0x00000000eaa00000, 0x00000000eaa00000|100%| E|CS|TAMS 0x00000000ea900000, 0x00000000ea900000| Complete 
| 170|0x00000000eaa00000, 0x00000000eab00000, 0x00000000eab00000|100%| E|CS|TAMS 0x00000000eaa00000, 0x00000000eaa00000| Complete 
| 171|0x00000000eab00000, 0x00000000eac00000, 0x00000000eac00000|100%| E|CS|TAMS 0x00000000eab00000, 0x00000000eab00000| Complete 
| 172|0x00000000eac00000, 0x00000000ead00000, 0x00000000ead00000|100%| E|CS|TAMS 0x00000000eac00000, 0x00000000eac00000| Complete 
| 173|0x00000000ead00000, 0x00000000eae00000, 0x00000000eae00000|100%| E|CS|TAMS 0x00000000ead00000, 0x00000000ead00000| Complete 
| 174|0x00000000eae00000, 0x00000000eaf00000, 0x00000000eaf00000|100%| E|CS|TAMS 0x00000000eae00000, 0x00000000eae00000| Complete 
| 175|0x00000000eaf00000, 0x00000000eb000000, 0x00000000eb000000|100%| E|CS|TAMS 0x00000000eaf00000, 0x00000000eaf00000| Complete 
| 176|0x00000000eb000000, 0x00000000eb100000, 0x00000000eb100000|100%| E|CS|TAMS 0x00000000eb000000, 0x00000000eb000000| Complete 
| 177|0x00000000eb100000, 0x00000000eb200000, 0x00000000eb200000|100%| E|CS|TAMS 0x00000000eb100000, 0x00000000eb100000| Complete 
| 178|0x00000000eb200000, 0x00000000eb300000, 0x00000000eb300000|100%| E|CS|TAMS 0x00000000eb200000, 0x00000000eb200000| Complete 
| 179|0x00000000eb300000, 0x00000000eb400000, 0x00000000eb400000|100%| E|CS|TAMS 0x00000000eb300000, 0x00000000eb300000| Complete 
| 180|0x00000000eb400000, 0x00000000eb500000, 0x00000000eb500000|100%| E|CS|TAMS 0x00000000eb400000, 0x00000000eb400000| Complete 
| 181|0x00000000eb500000, 0x00000000eb600000, 0x00000000eb600000|100%| E|CS|TAMS 0x00000000eb500000, 0x00000000eb500000| Complete 
| 182|0x00000000eb600000, 0x00000000eb700000, 0x00000000eb700000|100%| E|CS|TAMS 0x00000000eb600000, 0x00000000eb600000| Complete 
| 183|0x00000000eb700000, 0x00000000eb800000, 0x00000000eb800000|100%| E|CS|TAMS 0x00000000eb700000, 0x00000000eb700000| Complete 
| 184|0x00000000eb800000, 0x00000000eb900000, 0x00000000eb900000|100%| E|CS|TAMS 0x00000000eb800000, 0x00000000eb800000| Complete 
| 185|0x00000000eb900000, 0x00000000eba00000, 0x00000000eba00000|100%| E|CS|TAMS 0x00000000eb900000, 0x00000000eb900000| Complete 
| 186|0x00000000eba00000, 0x00000000ebb00000, 0x00000000ebb00000|100%| E|CS|TAMS 0x00000000eba00000, 0x00000000eba00000| Complete 
| 187|0x00000000ebb00000, 0x00000000ebc00000, 0x00000000ebc00000|100%| E|CS|TAMS 0x00000000ebb00000, 0x00000000ebb00000| Complete 
| 188|0x00000000ebc00000, 0x00000000ebd00000, 0x00000000ebd00000|100%| E|CS|TAMS 0x00000000ebc00000, 0x00000000ebc00000| Complete 
| 189|0x00000000ebd00000, 0x00000000ebe00000, 0x00000000ebe00000|100%| E|CS|TAMS 0x00000000ebd00000, 0x00000000ebd00000| Complete 
| 190|0x00000000ebe00000, 0x00000000ebf00000, 0x00000000ebf00000|100%| E|CS|TAMS 0x00000000ebe00000, 0x00000000ebe00000| Complete 
| 191|0x00000000ebf00000, 0x00000000ec000000, 0x00000000ec000000|100%| E|CS|TAMS 0x00000000ebf00000, 0x00000000ebf00000| Complete 
| 192|0x00000000ec000000, 0x00000000ec100000, 0x00000000ec100000|100%| E|CS|TAMS 0x00000000ec000000, 0x00000000ec000000| Complete 
| 193|0x00000000ec100000, 0x00000000ec200000, 0x00000000ec200000|100%| E|CS|TAMS 0x00000000ec100000, 0x00000000ec100000| Complete 
| 194|0x00000000ec200000, 0x00000000ec300000, 0x00000000ec300000|100%| E|CS|TAMS 0x00000000ec200000, 0x00000000ec200000| Complete 
| 195|0x00000000ec300000, 0x00000000ec400000, 0x00000000ec400000|100%| E|CS|TAMS 0x00000000ec300000, 0x00000000ec300000| Complete 
| 196|0x00000000ec400000, 0x00000000ec500000, 0x00000000ec500000|100%| E|CS|TAMS 0x00000000ec400000, 0x00000000ec400000| Complete 
| 197|0x00000000ec500000, 0x00000000ec600000, 0x00000000ec600000|100%| E|CS|TAMS 0x00000000ec500000, 0x00000000ec500000| Complete 
| 198|0x00000000ec600000, 0x00000000ec700000, 0x00000000ec700000|100%| E|CS|TAMS 0x00000000ec600000, 0x00000000ec600000| Complete 
| 199|0x00000000ec700000, 0x00000000ec800000, 0x00000000ec800000|100%| E|CS|TAMS 0x00000000ec700000, 0x00000000ec700000| Complete 
| 200|0x00000000ec800000, 0x00000000ec900000, 0x00000000ec900000|100%| E|CS|TAMS 0x00000000ec800000, 0x00000000ec800000| Complete 
| 201|0x00000000ec900000, 0x00000000eca00000, 0x00000000eca00000|100%| E|CS|TAMS 0x00000000ec900000, 0x00000000ec900000| Complete 
| 202|0x00000000eca00000, 0x00000000ecb00000, 0x00000000ecb00000|100%| E|CS|TAMS 0x00000000eca00000, 0x00000000eca00000| Complete 
| 203|0x00000000ecb00000, 0x00000000ecc00000, 0x00000000ecc00000|100%| E|CS|TAMS 0x00000000ecb00000, 0x00000000ecb00000| Complete 
| 204|0x00000000ecc00000, 0x00000000ecd00000, 0x00000000ecd00000|100%| E|CS|TAMS 0x00000000ecc00000, 0x00000000ecc00000| Complete 
| 205|0x00000000ecd00000, 0x00000000ece00000, 0x00000000ece00000|100%| E|CS|TAMS 0x00000000ecd00000, 0x00000000ecd00000| Complete 
| 206|0x00000000ece00000, 0x00000000ecf00000, 0x00000000ecf00000|100%| E|CS|TAMS 0x00000000ece00000, 0x00000000ece00000| Complete 
| 207|0x00000000ecf00000, 0x00000000ed000000, 0x00000000ed000000|100%| E|CS|TAMS 0x00000000ecf00000, 0x00000000ecf00000| Complete 
| 208|0x00000000ed000000, 0x00000000ed100000, 0x00000000ed100000|100%| E|CS|TAMS 0x00000000ed000000, 0x00000000ed000000| Complete 
| 209|0x00000000ed100000, 0x00000000ed200000, 0x00000000ed200000|100%| E|CS|TAMS 0x00000000ed100000, 0x00000000ed100000| Complete 
| 210|0x00000000ed200000, 0x00000000ed300000, 0x00000000ed300000|100%| E|CS|TAMS 0x00000000ed200000, 0x00000000ed200000| Complete 
| 211|0x00000000ed300000, 0x00000000ed400000, 0x00000000ed400000|100%| E|  |TAMS 0x00000000ed300000, 0x00000000ed300000| Complete 
| 212|0x00000000ed400000, 0x00000000ed500000, 0x00000000ed500000|100%| E|CS|TAMS 0x00000000ed400000, 0x00000000ed400000| Complete 
| 213|0x00000000ed500000, 0x00000000ed600000, 0x00000000ed600000|100%| E|CS|TAMS 0x00000000ed500000, 0x00000000ed500000| Complete 
| 214|0x00000000ed600000, 0x00000000ed700000, 0x00000000ed700000|100%| E|CS|TAMS 0x00000000ed600000, 0x00000000ed600000| Complete 
| 215|0x00000000ed700000, 0x00000000ed800000, 0x00000000ed800000|100%| E|CS|TAMS 0x00000000ed700000, 0x00000000ed700000| Complete 
| 216|0x00000000ed800000, 0x00000000ed900000, 0x00000000ed900000|100%| E|CS|TAMS 0x00000000ed800000, 0x00000000ed800000| Complete 
| 217|0x00000000ed900000, 0x00000000eda00000, 0x00000000eda00000|100%| E|CS|TAMS 0x00000000ed900000, 0x00000000ed900000| Complete 
| 218|0x00000000eda00000, 0x00000000edb00000, 0x00000000edb00000|100%| E|CS|TAMS 0x00000000eda00000, 0x00000000eda00000| Complete 
| 219|0x00000000edb00000, 0x00000000edc00000, 0x00000000edc00000|100%| E|CS|TAMS 0x00000000edb00000, 0x00000000edb00000| Complete 
| 220|0x00000000edc00000, 0x00000000edd00000, 0x00000000edd00000|100%| E|CS|TAMS 0x00000000edc00000, 0x00000000edc00000| Complete 
| 221|0x00000000edd00000, 0x00000000ede00000, 0x00000000ede00000|100%| E|CS|TAMS 0x00000000edd00000, 0x00000000edd00000| Complete 
| 222|0x00000000ede00000, 0x00000000edf00000, 0x00000000edf00000|100%| E|CS|TAMS 0x00000000ede00000, 0x00000000ede00000| Complete 
| 223|0x00000000edf00000, 0x00000000edfb60b8, 0x00000000ee000000| 71%| S|CS|TAMS 0x00000000edf00000, 0x00000000edf00000| Complete 
| 224|0x00000000ee000000, 0x00000000ee100000, 0x00000000ee100000|100%| S|CS|TAMS 0x00000000ee000000, 0x00000000ee000000| Complete 
| 225|0x00000000ee100000, 0x00000000ee200000, 0x00000000ee200000|100%| E|CS|TAMS 0x00000000ee100000, 0x00000000ee100000| Complete 
| 226|0x00000000ee200000, 0x00000000ee300000, 0x00000000ee300000|100%| E|CS|TAMS 0x00000000ee200000, 0x00000000ee200000| Complete 
| 227|0x00000000ee300000, 0x00000000ee400000, 0x00000000ee400000|100%| E|CS|TAMS 0x00000000ee300000, 0x00000000ee300000| Complete 
| 228|0x00000000ee400000, 0x00000000ee500000, 0x00000000ee500000|100%| E|CS|TAMS 0x00000000ee400000, 0x00000000ee400000| Complete 
| 229|0x00000000ee500000, 0x00000000ee600000, 0x00000000ee600000|100%| E|CS|TAMS 0x00000000ee500000, 0x00000000ee500000| Complete 
| 230|0x00000000ee600000, 0x00000000ee700000, 0x00000000ee700000|100%| E|CS|TAMS 0x00000000ee600000, 0x00000000ee600000| Complete 
| 231|0x00000000ee700000, 0x00000000ee800000, 0x00000000ee800000|100%| E|CS|TAMS 0x00000000ee700000, 0x00000000ee700000| Complete 
| 232|0x00000000ee800000, 0x00000000ee900000, 0x00000000ee900000|100%| E|CS|TAMS 0x00000000ee800000, 0x00000000ee800000| Complete 
| 233|0x00000000ee900000, 0x00000000eea00000, 0x00000000eea00000|100%| E|CS|TAMS 0x00000000ee900000, 0x00000000ee900000| Complete 
| 234|0x00000000eea00000, 0x00000000eeb00000, 0x00000000eeb00000|100%| E|CS|TAMS 0x00000000eea00000, 0x00000000eea00000| Complete 
| 235|0x00000000eeb00000, 0x00000000eec00000, 0x00000000eec00000|100%| E|CS|TAMS 0x00000000eeb00000, 0x00000000eeb00000| Complete 
| 236|0x00000000eec00000, 0x00000000eed00000, 0x00000000eed00000|100%| E|CS|TAMS 0x00000000eec00000, 0x00000000eec00000| Complete 
| 237|0x00000000eed00000, 0x00000000eee00000, 0x00000000eee00000|100%| E|CS|TAMS 0x00000000eed00000, 0x00000000eed00000| Complete 
| 238|0x00000000eee00000, 0x00000000eef00000, 0x00000000eef00000|100%| E|CS|TAMS 0x00000000eee00000, 0x00000000eee00000| Complete 
| 239|0x00000000eef00000, 0x00000000ef000000, 0x00000000ef000000|100%| E|CS|TAMS 0x00000000eef00000, 0x00000000eef00000| Complete 
| 240|0x00000000ef000000, 0x00000000ef100000, 0x00000000ef100000|100%| E|CS|TAMS 0x00000000ef000000, 0x00000000ef000000| Complete 
| 241|0x00000000ef100000, 0x00000000ef200000, 0x00000000ef200000|100%| E|CS|TAMS 0x00000000ef100000, 0x00000000ef100000| Complete 
| 242|0x00000000ef200000, 0x00000000ef300000, 0x00000000ef300000|100%| E|CS|TAMS 0x00000000ef200000, 0x00000000ef200000| Complete 
| 243|0x00000000ef300000, 0x00000000ef400000, 0x00000000ef400000|100%| E|CS|TAMS 0x00000000ef300000, 0x00000000ef300000| Complete 
| 244|0x00000000ef400000, 0x00000000ef500000, 0x00000000ef500000|100%| E|CS|TAMS 0x00000000ef400000, 0x00000000ef400000| Complete 
| 245|0x00000000ef500000, 0x00000000ef600000, 0x00000000ef600000|100%| E|CS|TAMS 0x00000000ef500000, 0x00000000ef500000| Complete 
| 246|0x00000000ef600000, 0x00000000ef700000, 0x00000000ef700000|100%| E|CS|TAMS 0x00000000ef600000, 0x00000000ef600000| Complete 
| 247|0x00000000ef700000, 0x00000000ef800000, 0x00000000ef800000|100%| E|CS|TAMS 0x00000000ef700000, 0x00000000ef700000| Complete 
| 248|0x00000000ef800000, 0x00000000ef900000, 0x00000000ef900000|100%| E|CS|TAMS 0x00000000ef800000, 0x00000000ef800000| Complete 
| 249|0x00000000ef900000, 0x00000000efa00000, 0x00000000efa00000|100%| E|CS|TAMS 0x00000000ef900000, 0x00000000ef900000| Complete 
| 250|0x00000000efa00000, 0x00000000efb00000, 0x00000000efb00000|100%| E|CS|TAMS 0x00000000efa00000, 0x00000000efa00000| Complete 
| 251|0x00000000efb00000, 0x00000000efc00000, 0x00000000efc00000|100%| E|CS|TAMS 0x00000000efb00000, 0x00000000efb00000| Complete 
| 252|0x00000000efc00000, 0x00000000efd00000, 0x00000000efd00000|100%| E|CS|TAMS 0x00000000efc00000, 0x00000000efc00000| Complete 
| 253|0x00000000efd00000, 0x00000000efe00000, 0x00000000efe00000|100%| E|CS|TAMS 0x00000000efd00000, 0x00000000efd00000| Complete 
| 254|0x00000000efe00000, 0x00000000eff00000, 0x00000000eff00000|100%| E|CS|TAMS 0x00000000efe00000, 0x00000000efe00000| Complete 
| 255|0x00000000eff00000, 0x00000000f0000000, 0x00000000f0000000|100%| E|CS|TAMS 0x00000000eff00000, 0x00000000eff00000| Complete 

Card table byte_map: [0x0000020fa6090000,0x0000020fa6190000] _byte_map_base: 0x0000020fa5990000

Marking Bits (Prev, Next): (CMBitMap*) 0x0000020f938e9050, (CMBitMap*) 0x0000020f938e9090
 Prev Bits: [0x0000020fa6290000, 0x0000020fa6a90000)
 Next Bits: [0x0000020fa6a90000, 0x0000020fa7290000)

Polling page: 0x0000020f93090000

Metaspace:

Usage:
  Non-class:     41.74 MB used.
      Class:      6.27 MB used.
       Both:     48.01 MB used.

Virtual space:
  Non-class space:       64.00 MB reserved,      42.00 MB ( 66%) committed,  1 nodes.
      Class space:      208.00 MB reserved,       6.50 MB (  3%) committed,  1 nodes.
             Both:      272.00 MB reserved,      48.50 MB ( 18%) committed. 

Chunk freelists:
   Non-Class:  5.91 MB
       Class:  9.47 MB
        Both:  15.38 MB

MaxMetaspaceSize: 256.00 MB
CompressedClassSpaceSize: 208.00 MB
Initial GC threshold: 21.00 MB
Current GC threshold: 58.69 MB
CDS: off
MetaspaceReclaimPolicy: balanced
 - commit_granule_bytes: 65536.
 - commit_granule_words: 8192.
 - virtual_space_node_default_size: 8388608.
 - enlarge_chunks_in_place: 1.
 - new_chunks_are_fully_committed: 0.
 - uncommit_free_chunks: 1.
 - use_allocation_guard: 0.
 - handle_deallocations: 1.


Internal statistics:

num_allocs_failed_limit: 6.
num_arena_births: 552.
num_arena_deaths: 0.
num_vsnodes_births: 2.
num_vsnodes_deaths: 0.
num_space_committed: 776.
num_space_uncommitted: 0.
num_chunks_returned_to_freelist: 6.
num_chunks_taken_from_freelist: 2094.
num_chunk_merges: 6.
num_chunk_splits: 1347.
num_chunks_enlarged: 920.
num_inconsistent_stats: 0.

CodeHeap 'non-profiled nmethods': size=120000Kb used=2852Kb max_used=2852Kb free=117147Kb
 bounds [0x0000020f9eb60000, 0x0000020f9ee30000, 0x0000020fa6090000]
CodeHeap 'profiled nmethods': size=120000Kb used=9551Kb max_used=9551Kb free=110449Kb
 bounds [0x0000020f97090000, 0x0000020f979f0000, 0x0000020f9e5c0000]
CodeHeap 'non-nmethods': size=5760Kb used=2303Kb max_used=2387Kb free=3456Kb
 bounds [0x0000020f9e5c0000, 0x0000020f9e830000, 0x0000020f9eb60000]
 total_blobs=5421 nmethods=4603 adapters=730
 compilation: enabled
              stopped_count=0, restarted_count=0
 full_count=0

Compilation events (20 events):
Event: 23.644 Thread 0x0000020fa9a4d4e0 4597       3       java.lang.invoke.LambdaForm$NamedFunction::<init> (10 bytes)
Event: 23.644 Thread 0x0000020fa9a4d4e0 nmethod 4597 0x0000020f979d6690 code [0x0000020f979d6840, 0x0000020f979d6b88]
Event: 23.645 Thread 0x0000020fa9a4d4e0 4599       3       kotlin.jvm.internal.Intrinsics::checkNotNullParameter (9 bytes)
Event: 23.646 Thread 0x0000020fa9a4d4e0 nmethod 4599 0x0000020f979d6c90 code [0x0000020f979d6e80, 0x0000020f979d7378]
Event: 23.685 Thread 0x0000020fa9a4d4e0 4600       2       java.util.AbstractList$Itr::hasNext (20 bytes)
Event: 23.686 Thread 0x0000020fa9a4d4e0 nmethod 4600 0x0000020f979d7590 code [0x0000020f979d7720, 0x0000020f979d7868]
Event: 23.686 Thread 0x0000020fa9a4d4e0 4601   !   2       java.util.AbstractList$Itr::next (46 bytes)
Event: 23.686 Thread 0x0000020fa9a4d4e0 nmethod 4601 0x0000020f979d7910 code [0x0000020f979d7b00, 0x0000020f979d7eb8]
Event: 23.691 Thread 0x0000020fa9a4d4e0 4602       3       java.util.HashSet::toArray (16 bytes)
Event: 23.691 Thread 0x0000020fa9a4d4e0 nmethod 4602 0x0000020f979d8110 code [0x0000020f979d82c0, 0x0000020f979d84d8]
Event: 23.694 Thread 0x0000020fa9a4d4e0 4605       3       org.gradle.internal.classpath.DefaultClassPath::plus (41 bytes)
Event: 23.695 Thread 0x0000020fa9a4d4e0 nmethod 4605 0x0000020f979d8590 code [0x0000020f979d8840, 0x0000020f979d99a8]
Event: 23.739 Thread 0x0000020fa9a4d4e0 4608       3       jdk.internal.loader.URLClassPath$JarLoader::findResource (18 bytes)
Event: 23.739 Thread 0x0000020fa9a4d4e0 nmethod 4608 0x0000020f979d9e90 code [0x0000020f979da040, 0x0000020f979da298]
Event: 23.744 Thread 0x0000020fa9a4d4e0 4610       3       java.lang.ThreadLocal$ThreadLocalMap::cleanSomeSlots (61 bytes)
Event: 23.745 Thread 0x0000020fa9a4d4e0 nmethod 4610 0x0000020f979da390 code [0x0000020f979da560, 0x0000020f979daa78]
Event: 23.780 Thread 0x0000020fa9a4d4e0 4611       3       java.util.Collections$1::next (25 bytes)
Event: 23.780 Thread 0x0000020fa9a4d4e0 nmethod 4611 0x0000020f979dac90 code [0x0000020f979dae40, 0x0000020f979db068]
Event: 23.805 Thread 0x0000020fa9a4d4e0 4612       3       org.gradle.api.internal.classpath.DefaultModuleRegistry::findJar (192 bytes)
Event: 23.806 Thread 0x0000020fa9a4d4e0 nmethod 4612 0x0000020f979db190 code [0x0000020f979db520, 0x0000020f979dc928]

GC Heap History (14 events):
Event: 1.881 GC heap before
{Heap before GC invocations=0 (full 0):
 garbage-first heap   total 262144K, used 12288K [0x00000000e0000000, 0x0000000100000000)
  region size 1024K, 13 young (13312K), 0 survivors (0K)
 Metaspace       used 7108K, committed 7296K, reserved 278528K
  class space    used 612K, committed 704K, reserved 212992K
}
Event: 2.040 GC heap after
{Heap after GC invocations=1 (full 0):
 garbage-first heap   total 262144K, used 3919K [0x00000000e0000000, 0x0000000100000000)
  region size 1024K, 2 young (2048K), 2 survivors (2048K)
 Metaspace       used 7108K, committed 7296K, reserved 278528K
  class space    used 612K, committed 704K, reserved 212992K
}
Event: 3.562 GC heap before
{Heap before GC invocations=1 (full 0):
 garbage-first heap   total 262144K, used 22351K [0x00000000e0000000, 0x0000000100000000)
  region size 1024K, 17 young (17408K), 2 survivors (2048K)
 Metaspace       used 11111K, committed 11264K, reserved 278528K
  class space    used 1165K, committed 1280K, reserved 212992K
}
Event: 3.565 GC heap after
{Heap after GC invocations=2 (full 0):
 garbage-first heap   total 262144K, used 9852K [0x00000000e0000000, 0x0000000100000000)
  region size 1024K, 3 young (3072K), 3 survivors (3072K)
 Metaspace       used 11111K, committed 11264K, reserved 278528K
  class space    used 1165K, committed 1280K, reserved 212992K
}
Event: 4.664 GC heap before
{Heap before GC invocations=2 (full 0):
 garbage-first heap   total 262144K, used 31356K [0x00000000e0000000, 0x0000000100000000)
  region size 1024K, 24 young (24576K), 3 survivors (3072K)
 Metaspace       used 11236K, committed 11392K, reserved 278528K
  class space    used 1166K, committed 1280K, reserved 212992K
}
Event: 4.667 GC heap after
{Heap after GC invocations=3 (full 0):
 garbage-first heap   total 262144K, used 11907K [0x00000000e0000000, 0x0000000100000000)
  region size 1024K, 3 young (3072K), 3 survivors (3072K)
 Metaspace       used 11236K, committed 11392K, reserved 278528K
  class space    used 1166K, committed 1280K, reserved 212992K
}
Event: 7.838 GC heap before
{Heap before GC invocations=3 (full 0):
 garbage-first heap   total 262144K, used 52867K [0x00000000e0000000, 0x0000000100000000)
  region size 1024K, 44 young (45056K), 3 survivors (3072K)
 Metaspace       used 21260K, committed 21504K, reserved 278528K
  class space    used 2571K, committed 2688K, reserved 212992K
}
Event: 7.848 GC heap after
{Heap after GC invocations=4 (full 0):
 garbage-first heap   total 262144K, used 17645K [0x00000000e0000000, 0x0000000100000000)
  region size 1024K, 8 young (8192K), 8 survivors (8192K)
 Metaspace       used 21260K, committed 21504K, reserved 278528K
  class space    used 2571K, committed 2688K, reserved 212992K
}
Event: 10.965 GC heap before
{Heap before GC invocations=5 (full 0):
 garbage-first heap   total 262144K, used 79085K [0x00000000e0000000, 0x0000000100000000)
  region size 1024K, 62 young (63488K), 8 survivors (8192K)
 Metaspace       used 30299K, committed 30656K, reserved 278528K
  class space    used 4106K, committed 4288K, reserved 212992K
}
Event: 10.979 GC heap after
{Heap after GC invocations=6 (full 0):
 garbage-first heap   total 262144K, used 29790K [0x00000000e0000000, 0x0000000100000000)
  region size 1024K, 5 young (5120K), 5 survivors (5120K)
 Metaspace       used 30299K, committed 30656K, reserved 278528K
  class space    used 4106K, committed 4288K, reserved 212992K
}
Event: 11.195 GC heap before
{Heap before GC invocations=6 (full 0):
 garbage-first heap   total 262144K, used 36958K [0x00000000e0000000, 0x0000000100000000)
  region size 1024K, 12 young (12288K), 5 survivors (5120K)
 Metaspace       used 31173K, committed 31552K, reserved 278528K
  class space    used 4262K, committed 4416K, reserved 212992K
}
Event: 11.202 GC heap after
{Heap after GC invocations=7 (full 0):
 garbage-first heap   total 262144K, used 30206K [0x00000000e0000000, 0x0000000100000000)
  region size 1024K, 1 young (1024K), 1 survivors (1024K)
 Metaspace       used 31173K, committed 31552K, reserved 278528K
  class space    used 4262K, committed 4416K, reserved 212992K
}
Event: 13.004 GC heap before
{Heap before GC invocations=7 (full 0):
 garbage-first heap   total 262144K, used 59902K [0x00000000e0000000, 0x0000000100000000)
  region size 1024K, 31 young (31744K), 1 survivors (1024K)
 Metaspace       used 35669K, committed 35968K, reserved 278528K
  class space    used 4963K, committed 5120K, reserved 212992K
}
Event: 13.007 GC heap after
{Heap after GC invocations=8 (full 0):
 garbage-first heap   total 262144K, used 31242K [0x00000000e0000000, 0x0000000100000000)
  region size 1024K, 2 young (2048K), 2 survivors (2048K)
 Metaspace       used 35669K, committed 35968K, reserved 278528K
  class space    used 4963K, committed 5120K, reserved 212992K
}

Dll operation events (3 events):
Event: 0.024 Loaded shared library C:\Users\OJD\.jdks\jbr-17.0.7\bin\java.dll
Event: 0.060 Loaded shared library C:\Users\OJD\.jdks\jbr-17.0.7\bin\jsvml.dll
Event: 1.356 Loaded shared library C:\Users\OJD\.jdks\jbr-17.0.7\bin\verify.dll

Deoptimization events (20 events):
Event: 20.679 Thread 0x0000020fae2ca450 DEOPT PACKING pc=0x0000020f9ecc57bc sp=0x00000035ffef94d0
Event: 20.679 Thread 0x0000020fae2ca450 DEOPT UNPACKING pc=0x0000020f9e6169a3 sp=0x00000035ffef9288 mode 2
Event: 20.679 Thread 0x0000020fae2ca450 Uncommon trap: trap_request=0xffffff45 fr.pc=0x0000020f9ec3fa48 relative=0x0000000000000688
Event: 20.679 Thread 0x0000020fae2ca450 Uncommon trap: reason=unstable_if action=reinterpret pc=0x0000020f9ec3fa48 method=java.lang.StringLatin1.regionMatchesCI([BI[BII)Z @ 72 c2
Event: 20.679 Thread 0x0000020fae2ca450 DEOPT PACKING pc=0x0000020f9ec3fa48 sp=0x00000035ffef9350
Event: 20.679 Thread 0x0000020fae2ca450 DEOPT UNPACKING pc=0x0000020f9e6169a3 sp=0x00000035ffef9218 mode 2
Event: 20.940 Thread 0x0000020fae2ca450 Uncommon trap: trap_request=0xffffffcc fr.pc=0x0000020f9ed7a044 relative=0x0000000000005164
Event: 20.940 Thread 0x0000020fae2ca450 Uncommon trap: reason=intrinsic_or_type_checked_inlining action=make_not_entrant pc=0x0000020f9ed7a044 method=java.util.ArrayList$SubList.toArray([Ljava/lang/Object;)[Ljava/lang/Object; @ 58 c2
Event: 20.940 Thread 0x0000020fae2ca450 DEOPT PACKING pc=0x0000020f9ed7a044 sp=0x00000035ffef8240
Event: 20.940 Thread 0x0000020fae2ca450 DEOPT UNPACKING pc=0x0000020f9e6169a3 sp=0x00000035ffef81a8 mode 2
Event: 20.982 Thread 0x0000020fae2ca450 Uncommon trap: trap_request=0xffffffde fr.pc=0x0000020f9ed94244 relative=0x00000000000015c4
Event: 20.982 Thread 0x0000020fae2ca450 Uncommon trap: reason=class_check action=maybe_recompile pc=0x0000020f9ed94244 method=org.codehaus.groovy.reflection.ParameterTypes.getParametersTypes0()V @ 16 c2
Event: 20.982 Thread 0x0000020fae2ca450 DEOPT PACKING pc=0x0000020f9ed94244 sp=0x00000035ffef8bf0
Event: 20.982 Thread 0x0000020fae2ca450 DEOPT UNPACKING pc=0x0000020f9e6169a3 sp=0x00000035ffef8bb8 mode 2
Event: 23.613 Thread 0x0000020fae2ca450 Uncommon trap: trap_request=0xffffff45 fr.pc=0x0000020f9ed407b8 relative=0x00000000000004d8
Event: 23.613 Thread 0x0000020fae2ca450 Uncommon trap: reason=unstable_if action=reinterpret pc=0x0000020f9ed407b8 method=jdk.internal.org.objectweb.asm.MethodWriter.visitVarInsn(II)V @ 230 c2
Event: 23.613 Thread 0x0000020fae2ca450 DEOPT PACKING pc=0x0000020f9ed407b8 sp=0x00000035ffef9540
Event: 23.613 Thread 0x0000020fae2ca450 DEOPT UNPACKING pc=0x0000020f9e6169a3 sp=0x00000035ffef9500 mode 2
Event: 23.688 Thread 0x0000020fae2ca450 DEOPT PACKING pc=0x0000020f9748eed4 sp=0x00000035ffef8700
Event: 23.688 Thread 0x0000020fae2ca450 DEOPT UNPACKING pc=0x0000020f9e617143 sp=0x00000035ffef7c58 mode 0

Classes unloaded (0 events):
No events

Classes redefined (0 events):
No events

Internal exceptions (20 events):
Event: 23.501 Thread 0x0000020fae2ca450 Exception <a 'java/lang/ClassNotFoundException'{0x00000000ea1617b0}: ijtestinit_5fp1kp6ytgvj9duqp1dy4ffq3Customizer> (0x00000000ea1617b0) 
thrown [s\src\hotspot\share\classfile\systemDictionary.cpp, line 256]
Event: 23.514 Thread 0x0000020fae2ca450 Exception <a 'java/lang/ClassNotFoundException'{0x00000000ea1e5d38}: org/gradle/execution/taskgraph/DefaultTaskExecutionGraphBeanInfo> (0x00000000ea1e5d38) 
thrown [s\src\hotspot\share\classfile\systemDictionary.cpp, line 256]
Event: 23.515 Thread 0x0000020fae2ca450 Exception <a 'java/lang/ClassNotFoundException'{0x00000000ea1f5330}: org/gradle/execution/taskgraph/DefaultTaskExecutionGraphCustomizer> (0x00000000ea1f5330) 
thrown [s\src\hotspot\share\classfile\systemDictionary.cpp, line 256]
Event: 23.521 Thread 0x0000020fae2ca450 Exception <a 'java/lang/ClassNotFoundException'{0x00000000ea03be28}: org/gradle/configuration/internal/DefaultListenerBuildOperationDecorator$BuildOperationEmittingClosureBeanInfo> (0x00000000ea03be28) 
thrown [s\src\hotspot\share\classfile\systemDictionary.cpp, line 256]
Event: 23.521 Thread 0x0000020fae2ca450 Exception <a 'java/lang/ClassNotFoundException'{0x00000000ea04ca68}: org/gradle/configuration/internal/DefaultListenerBuildOperationDecorator$BuildOperationEmittingClosureCustomizer> (0x00000000ea04ca68) 
thrown [s\src\hotspot\share\classfile\systemDictionary.cpp, line 256]
Event: 23.562 Thread 0x0000020fae2ca450 Exception <a 'java/lang/NoSuchMethodError'{0x00000000e9f3faf8}: 'java.lang.Object java.lang.invoke.DirectMethodHandle$Holder.newInvokeSpecial(java.lang.Object, java.lang.Object, int, int)'> (0x00000000e9f3faf8) 
thrown [s\src\hotspot\share\interpreter\linkResolver.cpp, line 771]
Event: 23.572 Thread 0x0000020fae2ca450 Exception <a 'java/lang/NoSuchMethodError'{0x00000000e9f8d6e0}: 'java.lang.Object java.lang.invoke.DirectMethodHandle$Holder.invokeSpecial(java.lang.Object, java.lang.Object, java.lang.Object, java.lang.Object, java.lang.Object, java.lang.Object, java.lang.Object, java.lang.Object, java.lang.Object, java.lang.Object)'> (0x00000000e9f8d6e0) 
thrown [s\src\hotspot\share\interpreter\linkResolver.cpp, line 771]
Event: 23.572 Thread 0x0000020fae2ca450 Exception <a 'java/lang/NoSuchMethodError'{0x00000000e9f96560}: 'java.lang.Object java.lang.invoke.Invokers$Holder.invoker(java.lang.Object, java.lang.Object, java.lang.Object, java.lang.Object, java.lang.Object, java.lang.Object, java.lang.Object, java.lang.Object, java.lang.Object)'> (0x00000000e9f96560) 
thrown [s\src\hotspot\share\interpreter\linkResolver.cpp, line 771]
Event: 23.580 Thread 0x0000020fae2ca450 Exception <a 'java/lang/NoSuchMethodError'{0x00000000e9e1b328}: 'java.lang.Object java.lang.invoke.Invokers$Holder.invoker(java.lang.Object, java.lang.Object, java.lang.Object, java.lang.Object)'> (0x00000000e9e1b328) 
thrown [s\src\hotspot\share\interpreter\linkResolver.cpp, line 771]
Event: 23.604 Thread 0x0000020fae2ca450 Exception <a 'java/lang/NoSuchMethodError'{0x00000000e9eb33a8}: 'java.lang.Object java.lang.invoke.DelegatingMethodHandle$Holder.reinvoke_L(java.lang.Object, java.lang.Object, java.lang.Object, java.lang.Object, java.lang.Object, java.lang.Object, java.lang.Object, java.lang.Object, java.lang.Object, java.lang.Object, java.lang.Object, java.lang.Object, java.lang.Object, java.lang.Object, java.lang.Object, java.lang.Object, java.lang.Object, java.lang.Object, java.lang.Object, java.lang.Object, java.lang.O
Event: 23.605 Thread 0x0000020fae2ca450 Exception <a 'java/lang/NoSuchMethodError'{0x00000000e9ebeb78}: 'java.lang.Object java.lang.invoke.Invokers$Holder.invoker(java.lang.Object, java.lang.Object, java.lang.Object, java.lang.Object, java.lang.Object, java.lang.Object, java.lang.Object, java.lang.Object, java.lang.Object, java.lang.Object, java.lang.Object, java.lang.Object, java.lang.Object, java.lang.Object, java.lang.Object, java.lang.Object, java.lang.Object, java.lang.Object, java.lang.Object, java.lang.Object, java.lang.Object)'> (0x00000
Event: 23.605 Thread 0x0000020fae2ca450 Exception <a 'java/lang/NoSuchMethodError'{0x00000000e9ec5530}: 'java.lang.Object java.lang.invoke.DelegatingMethodHandle$Holder.delegate(java.lang.Object, java.lang.Object, java.lang.Object, java.lang.Object, java.lang.Object, java.lang.Object, java.lang.Object, java.lang.Object, java.lang.Object, java.lang.Object, java.lang.Object, java.lang.Object, java.lang.Object, java.lang.Object, java.lang.Object, java.lang.Object, java.lang.Object, java.lang.Object, java.lang.Object, java.lang.Object, java.lang.Obj
Event: 23.613 Thread 0x0000020fae2ca450 Exception <a 'java/lang/NoSuchMethodError'{0x00000000e9d39b70}: 'java.lang.Object java.lang.invoke.DirectMethodHandle$Holder.invokeStatic(java.lang.Object, java.lang.Object, java.lang.Object, java.lang.Object, java.lang.Object, java.lang.Object, java.lang.Object, java.lang.Object, java.lang.Object, java.lang.Object, java.lang.Object, java.lang.Object, java.lang.Object, java.lang.Object, java.lang.Object, java.lang.Object, java.lang.Object)'> (0x00000000e9d39b70) 
thrown [s\src\hotspot\share\interpreter\lin
Event: 23.618 Thread 0x0000020fae2ca450 Exception <a 'java/lang/NoSuchMethodError'{0x00000000e9d619a0}: 'java.lang.Object java.lang.invoke.DirectMethodHandle$Holder.invokeStatic(java.lang.Object, java.lang.Object, java.lang.Object, java.lang.Object, java.lang.Object, java.lang.Object, java.lang.Object, java.lang.Object, java.lang.Object, java.lang.Object, java.lang.Object, java.lang.Object, java.lang.Object, java.lang.Object, java.lang.Object, java.lang.Object, java.lang.Object, java.lang.Object)'> (0x00000000e9d619a0) 
thrown [s\src\hotspot\sha
Event: 23.621 Thread 0x0000020fae2ca450 Exception <a 'java/lang/NoSuchMethodError'{0x00000000e9d8a228}: 'java.lang.Object java.lang.invoke.DirectMethodHandle$Holder.invokeStatic(java.lang.Object, java.lang.Object, java.lang.Object, java.lang.Object, java.lang.Object, java.lang.Object, java.lang.Object, java.lang.Object, java.lang.Object, java.lang.Object, java.lang.Object, java.lang.Object, java.lang.Object, java.lang.Object, java.lang.Object, java.lang.Object, java.lang.Object, java.lang.Object, java.lang.Object)'> (0x00000000e9d8a228) 
thrown 
Event: 23.629 Thread 0x0000020fae2ca450 Exception <a 'java/lang/NoSuchMethodError'{0x00000000e9db3b30}: 'java.lang.Object java.lang.invoke.DirectMethodHandle$Holder.invokeStatic(java.lang.Object, java.lang.Object, java.lang.Object, java.lang.Object, java.lang.Object, java.lang.Object, java.lang.Object, java.lang.Object, java.lang.Object, java.lang.Object, java.lang.Object, java.lang.Object, java.lang.Object, java.lang.Object, java.lang.Object, java.lang.Object, java.lang.Object, java.lang.Object, java.lang.Object, java.lang.Object)'> (0x00000000
Event: 23.632 Thread 0x0000020fae2ca450 Exception <a 'java/lang/NoSuchMethodError'{0x00000000e9dde498}: 'java.lang.Object java.lang.invoke.DirectMethodHandle$Holder.invokeStatic(java.lang.Object, java.lang.Object, java.lang.Object, java.lang.Object, java.lang.Object, java.lang.Object, java.lang.Object, java.lang.Object, java.lang.Object, java.lang.Object, java.lang.Object, java.lang.Object, java.lang.Object, java.lang.Object, java.lang.Object, java.lang.Object, java.lang.Object, java.lang.Object, java.lang.Object, java.lang.Object, java.lang.Obj
Event: 23.636 Thread 0x0000020fae2ca450 Exception <a 'java/lang/NoSuchMethodError'{0x00000000e9c09db0}: 'java.lang.Object java.lang.invoke.DirectMethodHandle$Holder.invokeStatic(java.lang.Object, java.lang.Object, java.lang.Object, java.lang.Object, java.lang.Object, java.lang.Object, java.lang.Object, java.lang.Object, java.lang.Object, java.lang.Object, java.lang.Object, java.lang.Object, java.lang.Object, java.lang.Object, java.lang.Object, java.lang.Object, java.lang.Object, java.lang.Object, java.lang.Object, java.lang.Object, java.lang.Obj
Event: 23.640 Thread 0x0000020fae2ca450 Exception <a 'java/lang/NoSuchMethodError'{0x00000000e9c36b50}: 'java.lang.Object java.lang.invoke.DirectMethodHandle$Holder.invokeStatic(java.lang.Object, java.lang.Object, java.lang.Object, java.lang.Object, java.lang.Object, java.lang.Object, java.lang.Object, java.lang.Object, java.lang.Object, java.lang.Object, java.lang.Object, java.lang.Object, java.lang.Object, java.lang.Object, java.lang.Object, java.lang.Object, java.lang.Object, java.lang.Object, java.lang.Object, java.lang.Object, java.lang.Obj
Event: 23.644 Thread 0x0000020fae2ca450 Exception <a 'java/lang/NoSuchMethodError'{0x00000000e9c651e0}: 'java.lang.Object java.lang.invoke.DirectMethodHandle$Holder.invokeStatic(java.lang.Object, java.lang.Object, java.lang.Object, java.lang.Object, java.lang.Object, java.lang.Object, java.lang.Object, java.lang.Object, java.lang.Object, java.lang.Object, java.lang.Object, java.lang.Object, java.lang.Object, java.lang.Object, java.lang.Object, java.lang.Object, java.lang.Object, java.lang.Object, java.lang.Object, java.lang.Object, java.lang.Obj

VM Operations (20 events):
Event: 15.723 Executing VM operation: HandshakeAllThreads
Event: 15.723 Executing VM operation: HandshakeAllThreads done
Event: 15.724 Executing VM operation: HandshakeAllThreads
Event: 15.724 Executing VM operation: HandshakeAllThreads done
Event: 16.731 Executing VM operation: Cleanup
Event: 16.731 Executing VM operation: Cleanup done
Event: 17.057 Executing VM operation: HandshakeAllThreads
Event: 17.057 Executing VM operation: HandshakeAllThreads done
Event: 18.059 Executing VM operation: Cleanup
Event: 18.059 Executing VM operation: Cleanup done
Event: 19.069 Executing VM operation: Cleanup
Event: 19.069 Executing VM operation: Cleanup done
Event: 20.083 Executing VM operation: Cleanup
Event: 20.083 Executing VM operation: Cleanup done
Event: 20.920 Executing VM operation: HandshakeAllThreads
Event: 20.920 Executing VM operation: HandshakeAllThreads done
Event: 21.921 Executing VM operation: Cleanup
Event: 21.921 Executing VM operation: Cleanup done
Event: 22.938 Executing VM operation: Cleanup
Event: 22.938 Executing VM operation: Cleanup done

Events (20 events):
Event: 23.611 loading class java/lang/invoke/BoundMethodHandle$Species_LLLLLLLLLLLLL
Event: 23.611 loading class java/lang/invoke/BoundMethodHandle$Species_LLLLLLLLLLLLL done
Event: 23.612 loading class java/lang/invoke/BoundMethodHandle$Species_LLLLLLLLLLLLLL
Event: 23.612 loading class java/lang/invoke/BoundMethodHandle$Species_LLLLLLLLLLLLLL done
Event: 23.612 loading class java/lang/invoke/ClassSpecializer$Factory$1Var
Event: 23.612 loading class java/lang/invoke/ClassSpecializer$Factory$1Var done
Event: 23.617 loading class java/lang/invoke/BoundMethodHandle$Species_LLLLLLLLLLLLLLL
Event: 23.617 loading class java/lang/invoke/BoundMethodHandle$Species_LLLLLLLLLLLLLLL done
Event: 23.620 loading class java/lang/invoke/BoundMethodHandle$Species_LLLLLLLLLLLLLLLL
Event: 23.620 loading class java/lang/invoke/BoundMethodHandle$Species_LLLLLLLLLLLLLLLL done
Event: 23.626 loading class java/lang/invoke/BoundMethodHandle$Species_LLLLLLLLLLLLLLLLL
Event: 23.626 loading class java/lang/invoke/BoundMethodHandle$Species_LLLLLLLLLLLLLLLLL done
Event: 23.629 loading class java/lang/invoke/BoundMethodHandle$Species_LLLLLLLLLLLLLLLLLL
Event: 23.629 loading class java/lang/invoke/BoundMethodHandle$Species_LLLLLLLLLLLLLLLLLL done
Event: 23.634 loading class java/lang/invoke/BoundMethodHandle$Species_LLLLLLLLLLLLLLLLLLL
Event: 23.634 loading class java/lang/invoke/BoundMethodHandle$Species_LLLLLLLLLLLLLLLLLLL done
Event: 23.638 loading class java/lang/invoke/BoundMethodHandle$Species_LLLLLLLLLLLLLLLLLLLL
Event: 23.638 loading class java/lang/invoke/BoundMethodHandle$Species_LLLLLLLLLLLLLLLLLLLL done
Event: 23.641 loading class java/lang/invoke/BoundMethodHandle$Species_LLLLLLLLLLLLLLLLLLLLL
Event: 23.641 loading class java/lang/invoke/BoundMethodHandle$Species_LLLLLLLLLLLLLLLLLLLLL done


Dynamic libraries:
0x00007ff7331a0000 - 0x00007ff7331aa000 	C:\Users\OJD\.jdks\jbr-17.0.7\bin\java.exe
0x00007ffee1810000 - 0x00007ffee1a08000 	C:\WINDOWS\SYSTEM32\ntdll.dll
0x00007ffee0210000 - 0x00007ffee02cf000 	C:\WINDOWS\System32\KERNEL32.DLL
0x00007ffedf2c0000 - 0x00007ffedf5b6000 	C:\WINDOWS\System32\KERNELBASE.dll
0x00007ffedefa0000 - 0x00007ffedf0a0000 	C:\WINDOWS\System32\ucrtbase.dll
0x00007ffed5ec0000 - 0x00007ffed5ed7000 	C:\Users\OJD\.jdks\jbr-17.0.7\bin\jli.dll
0x00007ffee13e0000 - 0x00007ffee157d000 	C:\WINDOWS\System32\USER32.dll
0x00007ffedf6e0000 - 0x00007ffedf702000 	C:\WINDOWS\System32\win32u.dll
0x00007ffee05d0000 - 0x00007ffee05fc000 	C:\WINDOWS\System32\GDI32.dll
0x00007ffedf1a0000 - 0x00007ffedf2b5000 	C:\WINDOWS\System32\gdi32full.dll
0x00007ffedf640000 - 0x00007ffedf6dd000 	C:\WINDOWS\System32\msvcp_win.dll
0x00007ffed5480000 - 0x00007ffed549b000 	C:\Users\OJD\.jdks\jbr-17.0.7\bin\VCRUNTIME140.dll
0x00007ffed5b70000 - 0x00007ffed5e0a000 	C:\WINDOWS\WinSxS\amd64_microsoft.windows.common-controls_6595b64144ccf1df_6.0.19041.1110_none_60b5254171f9507e\COMCTL32.dll
0x00007ffee0a60000 - 0x00007ffee0afe000 	C:\WINDOWS\System32\msvcrt.dll
0x00007ffee1580000 - 0x00007ffee15b0000 	C:\WINDOWS\System32\IMM32.DLL
0x00007ffed7330000 - 0x00007ffed733c000 	C:\Users\OJD\.jdks\jbr-17.0.7\bin\vcruntime140_1.dll
0x00007ffec4340000 - 0x00007ffec43cd000 	C:\Users\OJD\.jdks\jbr-17.0.7\bin\msvcp140.dll
0x00007ffe9ca50000 - 0x00007ffe9d6d0000 	C:\Users\OJD\.jdks\jbr-17.0.7\bin\server\jvm.dll
0x00007ffee0150000 - 0x00007ffee01ff000 	C:\WINDOWS\System32\ADVAPI32.dll
0x00007ffedf870000 - 0x00007ffedf90c000 	C:\WINDOWS\System32\sechost.dll
0x00007ffee1640000 - 0x00007ffee1766000 	C:\WINDOWS\System32\RPCRT4.dll
0x00007ffed9e80000 - 0x00007ffed9e89000 	C:\WINDOWS\SYSTEM32\WSOCK32.dll
0x00007ffee07f0000 - 0x00007ffee085b000 	C:\WINDOWS\System32\WS2_32.dll
0x00007ffecf2f0000 - 0x00007ffecf317000 	C:\WINDOWS\SYSTEM32\WINMM.dll
0x00007ffed4920000 - 0x00007ffed492a000 	C:\WINDOWS\SYSTEM32\VERSION.dll
0x00007ffedd730000 - 0x00007ffedd742000 	C:\WINDOWS\SYSTEM32\kernel.appcore.dll
0x00007ffed5770000 - 0x00007ffed577a000 	C:\Users\OJD\.jdks\jbr-17.0.7\bin\jimage.dll
0x00007ffed6850000 - 0x00007ffed6a34000 	C:\WINDOWS\SYSTEM32\DBGHELP.DLL
0x00007ffed65c0000 - 0x00007ffed65f4000 	C:\WINDOWS\SYSTEM32\dbgcore.DLL
0x00007ffedf110000 - 0x00007ffedf192000 	C:\WINDOWS\System32\bcryptPrimitives.dll
0x00007ffed2e20000 - 0x00007ffed2e45000 	C:\Users\OJD\.jdks\jbr-17.0.7\bin\java.dll
0x00007ffed2eb0000 - 0x00007ffed2ec8000 	C:\Users\OJD\.jdks\jbr-17.0.7\bin\zip.dll
0x00007ffec0700000 - 0x00007ffec07d7000 	C:\Users\OJD\.jdks\jbr-17.0.7\bin\jsvml.dll
0x00007ffedf9a0000 - 0x00007ffee00e4000 	C:\WINDOWS\System32\SHELL32.dll
0x00007ffedce20000 - 0x00007ffedd5b3000 	C:\WINDOWS\SYSTEM32\windows.storage.dll
0x00007ffee1080000 - 0x00007ffee13d4000 	C:\WINDOWS\System32\combase.dll
0x00007ffede940000 - 0x00007ffede96e000 	C:\WINDOWS\SYSTEM32\Wldp.dll
0x00007ffee0610000 - 0x00007ffee06bd000 	C:\WINDOWS\System32\SHCORE.dll
0x00007ffee1020000 - 0x00007ffee1075000 	C:\WINDOWS\System32\shlwapi.dll
0x00007ffedee30000 - 0x00007ffedee4f000 	C:\WINDOWS\SYSTEM32\profapi.dll
0x00007ffed1800000 - 0x00007ffed1819000 	C:\Users\OJD\.jdks\jbr-17.0.7\bin\net.dll
0x00007ffed4f00000 - 0x00007ffed500a000 	C:\WINDOWS\SYSTEM32\WINHTTP.dll
0x00007ffede6a0000 - 0x00007ffede70a000 	C:\WINDOWS\system32\mswsock.dll
0x00007ffec8f70000 - 0x00007ffec8f86000 	C:\Users\OJD\.jdks\jbr-17.0.7\bin\nio.dll
0x00007ffed5450000 - 0x00007ffed5460000 	C:\Users\OJD\.jdks\jbr-17.0.7\bin\verify.dll
0x00007ffed7290000 - 0x00007ffed72b7000 	C:\Users\OJD\.gradle\native\68d5fa5c4cc2d200863cafc0d521ce42e7d3e7ee720ec0a83991735586a16f82\windows-amd64\native-platform.dll
0x00007ffec0430000 - 0x00007ffec0574000 	C:\Users\OJD\.gradle\native\e376f236ea51e6404a007f0833ffe2c6e607c4080706a723a18a27aeea778392\windows-amd64\native-platform-file-events.dll
0x00007ffed2f90000 - 0x00007ffed2f99000 	C:\Users\OJD\.jdks\jbr-17.0.7\bin\management.dll
0x00007ffed2f30000 - 0x00007ffed2f3b000 	C:\Users\OJD\.jdks\jbr-17.0.7\bin\management_ext.dll
0x00007ffee0200000 - 0x00007ffee0208000 	C:\WINDOWS\System32\PSAPI.DLL
0x00007ffede890000 - 0x00007ffede8a8000 	C:\WINDOWS\SYSTEM32\CRYPTSP.dll
0x00007ffeddf50000 - 0x00007ffeddf84000 	C:\WINDOWS\system32\rsaenh.dll
0x00007ffedf610000 - 0x00007ffedf637000 	C:\WINDOWS\System32\bcrypt.dll
0x00007ffededb0000 - 0x00007ffededde000 	C:\WINDOWS\SYSTEM32\USERENV.dll
0x00007ffede8b0000 - 0x00007ffede8bc000 	C:\WINDOWS\SYSTEM32\CRYPTBASE.dll
0x00007ffede340000 - 0x00007ffede37c000 	C:\WINDOWS\SYSTEM32\IPHLPAPI.DLL
0x00007ffedf970000 - 0x00007ffedf978000 	C:\WINDOWS\System32\NSI.dll
0x00007ffed5e80000 - 0x00007ffed5e97000 	C:\WINDOWS\SYSTEM32\dhcpcsvc6.DLL
0x00007ffed6120000 - 0x00007ffed613d000 	C:\WINDOWS\SYSTEM32\dhcpcsvc.DLL
0x00007ffede390000 - 0x00007ffede45a000 	C:\WINDOWS\SYSTEM32\DNSAPI.dll
0x00007ffecd1b0000 - 0x00007ffecd1be000 	C:\Users\OJD\.jdks\jbr-17.0.7\bin\sunmscapi.dll
0x00007ffedf710000 - 0x00007ffedf86e000 	C:\WINDOWS\System32\CRYPT32.dll
0x00007ffede9b0000 - 0x00007ffede9d8000 	C:\WINDOWS\SYSTEM32\ncrypt.dll
0x00007ffede970000 - 0x00007ffede9ab000 	C:\WINDOWS\SYSTEM32\NTASN1.dll
0x00007ffed9a10000 - 0x00007ffed9a17000 	C:\WINDOWS\system32\wshunix.dll

dbghelp: loaded successfully - version: 4.0.5 - missing functions: none
symbol engine: initialized successfully - sym options: 0x614 - pdb path: .;C:\Users\OJD\.jdks\jbr-17.0.7\bin;C:\WINDOWS\SYSTEM32;C:\WINDOWS\WinSxS\amd64_microsoft.windows.common-controls_6595b64144ccf1df_6.0.19041.1110_none_60b5254171f9507e;C:\Users\OJD\.jdks\jbr-17.0.7\bin\server;C:\Users\OJD\.gradle\native\68d5fa5c4cc2d200863cafc0d521ce42e7d3e7ee720ec0a83991735586a16f82\windows-amd64;C:\Users\OJD\.gradle\native\e376f236ea51e6404a007f0833ffe2c6e607c4080706a723a18a27aeea778392\windows-amd64

VM Arguments:
jvm_args: --add-opens=java.base/java.util.concurrent.atomic=ALL-UNNAMED -XX:MaxMetaspaceSize=256m -XX:+HeapDumpOnOutOfMemoryError --add-opens=java.base/java.util=ALL-UNNAMED --add-opens=java.base/java.lang=ALL-UNNAMED --add-opens=java.base/java.lang.invoke=ALL-UNNAMED --add-opens=java.prefs/java.util.prefs=ALL-UNNAMED --add-opens=java.base/java.nio.charset=ALL-UNNAMED --add-opens=java.base/java.net=ALL-UNNAMED --add-opens=java.base/java.util.concurrent.atomic=ALL-UNNAMED -Xms256m -Xmx512m -Dfile.encoding=x-windows-949 -Duser.country=KR -Duser.language=ko -Duser.variant 
java_command: org.gradle.launcher.daemon.bootstrap.GradleDaemon 7.6.1
java_class_path (initial): C:\Users\OJD\.gradle\wrapper\dists\gradle-7.6.1-bin\2clxi94ab3brv6467628wnxmd\gradle-7.6.1\lib\gradle-launcher-7.6.1.jar
Launcher Type: SUN_STANDARD

[Global flags]
     intx CICompilerCount                          = 3                                         {product} {ergonomic}
   size_t CompressedClassSpaceSize                 = 218103808                                 {product} {ergonomic}
     uint ConcGCThreads                            = 1                                         {product} {ergonomic}
     uint G1ConcRefinementThreads                  = 4                                         {product} {ergonomic}
   size_t G1HeapRegionSize                         = 1048576                                   {product} {ergonomic}
    uintx GCDrainStackTargetSize                   = 64                                        {product} {ergonomic}
     bool HeapDumpOnOutOfMemoryError               = true                                   {manageable} {command line}
   size_t InitialHeapSize                          = 268435456                                 {product} {command line}
   size_t MarkStackSize                            = 4194304                                   {product} {ergonomic}
   size_t MaxHeapSize                              = 536870912                                 {product} {command line}
   size_t MaxMetaspaceSize                         = 268435456                                 {product} {command line}
   size_t MaxNewSize                               = 321912832                                 {product} {ergonomic}
   size_t MinHeapDeltaBytes                        = 1048576                                   {product} {ergonomic}
   size_t MinHeapSize                              = 268435456                                 {product} {command line}
    uintx NonNMethodCodeHeapSize                   = 5832780                                {pd product} {ergonomic}
    uintx NonProfiledCodeHeapSize                  = 122912730                              {pd product} {ergonomic}
    uintx ProfiledCodeHeapSize                     = 122912730                              {pd product} {ergonomic}
    uintx ReservedCodeCacheSize                    = 251658240                              {pd product} {ergonomic}
     bool SegmentedCodeCache                       = true                                      {product} {ergonomic}
   size_t SoftMaxHeapSize                          = 536870912                              {manageable} {ergonomic}
     bool UseCompressedClassPointers               = true                           {product lp64_product} {ergonomic}
     bool UseCompressedOops                        = true                           {product lp64_product} {ergonomic}
     bool UseG1GC                                  = true                                      {product} {ergonomic}
     bool UseLargePagesIndividualAllocation        = false                                  {pd product} {ergonomic}

Logging:
Log output configuration:
 #0: stdout all=warning uptime,level,tags
 #1: stderr all=off uptime,level,tags

Environment Variables:
JAVA_HOME=C:\Program Files\RedHat\java-11-openjdk-11.0.18-1
PATH=C:\Program Files (x86)\Intel\iCLS Client\;C:\Program Files\Intel\iCLS Client\;C:\windows\system32;C:\windows;C:\windows\System32\Wbem;C:\windows\System32\WindowsPowerShell\v1.0\;C:\Program Files (x86)\NVIDIA Corporation\PhysX\Common;C:\Program Files (x86)\Intel\Intel(R) Management Engine Components\DAL;C:\Program Files\Intel\Intel(R) Management Engine Components\DAL;C:\Program Files (x86)\Intel\Intel(R) Management Engine Components\IPT;C:\Program Files\Intel\Intel(R) Management Engine Components\IPT;C:\WINDOWS\system32;C:\WINDOWS;C:\WINDOWS\System32\Wbem;C:\WINDOWS\System32\WindowsPowerShell\v1.0\;C:\WINDOWS\System32\OpenSSH\;C:\Program Files\Microsoft\Web Platform Installer\;C:\Program Files (x86)\Microsoft ASP.NET\ASP.NET Web Pages\v1.0\;C:\Program Files (x86)\Windows Kits\8.0\Windows Performance Toolkit\;C:\Program Files\Microsoft SQL Server\110\Tools\Binn\;C:\Program Files\nodejs\;C:\nodejs\;C:\Program Files\RedHat\java-11-openjdk-11.0.18-1\bin;C:\Program Files\PuTTY\;C:\Program Files\Bandizip\;C:\Users\OJD\AppData\Local\Microsoft\WindowsApps;C:\Users\OJD\AppData\Roaming\npm;C:\Users\OJD\AppData\Local\Programs\Microsoft VS Code\bin;C:\Program Files\JetBrains\IntelliJ IDEA Community Edition 2023.1.2\bin;
USERNAME=OJD
OS=Windows_NT
PROCESSOR_IDENTIFIER=Intel64 Family 6 Model 158 Stepping 9, GenuineIntel
TMP=C:\Users\OJD\AppData\Local\Temp
TEMP=C:\Users\OJD\AppData\Local\Temp


JNI global refs:
JNI global refs: 25, weak refs: 1

JNI global refs memory usage: 843, weak refs: 841

OOME stack traces (most recent first):
Classloader memory used:
Loader org.gradle.internal.classloader.VisitableURLClassLoader                         : 2854K
Loader bootstrap                                                                       : 2395K
Loader org.gradle.initialization.MixInLegacyTypesClassLoader                           : 657K
Loader org.gradle.internal.classloader.VisitableURLClassLoader                         : 108K
Loader jdk.internal.loader.ClassLoaders$PlatformClassLoader                            : 70371B
Loader jdk.internal.loader.ClassLoaders$AppClassLoader                                 : 26049B
Loader jdk.internal.reflect.DelegatingClassLoader                                      : 19246B
Loader org.gradle.groovy.scripts.internal.DefaultScriptCompilationHandler$ScriptClassLoader: 11464B
Loader org.codehaus.groovy.runtime.callsite.CallSiteClassLoader                        : 5429B

Classes loaded by more than one classloader:
Class org.gradle.api.GradleException                                                  : loaded 3 times (x 80B)
Class org.gradle.util.GradleVersion                                                   : loaded 2 times (x 81B)
Class org.gradle.internal.classpath.ClassPath                                         : loaded 2 times (x 68B)
Class org.gradle.api.internal.classpath.DefaultModuleRegistry                         : loaded 2 times (x 84B)
Class com.intellij.openapi.externalSystem.model.ExternalSystemException               : loaded 2 times (x 84B)
Class org.gradle.api.Action                                                           : loaded 2 times (x 68B)
Class sync_studio_tooling1_3p1otxxbkdy2dbubecaj5h9nf$_run_closure1                    : loaded 2 times (x 134B)
Class org.gradle.api.internal.DefaultClassPathProvider                                : loaded 2 times (x 74B)
Class org.gradle.internal.installation.GradleInstallation$1                           : loaded 2 times (x 73B)
Class org.gradle.internal.exceptions.DefaultMultiCauseException                       : loaded 2 times (x 85B)
Class org.gradle.internal.time.MonotonicClock                                         : loaded 2 times (x 75B)
Class org.gradle.internal.classloader.FilteringClassLoader                            : loaded 2 times (x 102B)
Class org.gradle.tooling.model.Model                                                  : loaded 2 times (x 68B)
Class org.gradle.internal.classpath.DefaultClassPath$ImmutableUniqueList$Builder      : loaded 2 times (x 73B)
Class org.gradle.internal.classloader.ClassLoaderVisitor                              : loaded 2 times (x 74B)
Class org.gradle.internal.time.DefaultCountdownTimer                                  : loaded 2 times (x 86B)
Class org.gradle.internal.service.DefaultServiceLocator                               : loaded 2 times (x 81B)
Class org.gradle.internal.service.UnknownServiceException                             : loaded 2 times (x 81B)
Class org.gradle.internal.classloader.DefaultClassLoaderFactory                       : loaded 2 times (x 80B)
Class org.gradle.internal.classloader.VisitableURLClassLoader$Spec                    : loaded 2 times (x 72B)
Class org.gradle.tooling.model.ProjectModel                                           : loaded 2 times (x 68B)
Class org.gradle.internal.installation.GradleInstallation                             : loaded 2 times (x 73B)
Class org.gradle.api.internal.classpath.ModuleRegistry                                : loaded 2 times (x 68B)
Class org.gradle.api.internal.ClassPathProvider                                       : loaded 2 times (x 68B)
Class org.gradle.internal.classloader.ClasspathUtil$1                                 : loaded 2 times (x 74B)
Class org.gradle.internal.classloader.ClassLoaderFactory                              : loaded 2 times (x 68B)
Class org.gradle.api.internal.classpath.ManifestUtil                                  : loaded 2 times (x 69B)
Class org.gradle.api.specs.Spec                                                       : loaded 2 times (x 68B)
Class org.gradle.internal.IoActions                                                   : loaded 2 times (x 69B)
Class ijinit_e6m7zub82ebqjgjmz4cfime6l                                                : loaded 2 times (x 177B)
Class org.gradle.api.internal.classpath.EffectiveClassPath                            : loaded 2 times (x 88B)
Class org.gradle.internal.installation.CurrentGradleInstallation                      : loaded 2 times (x 71B)
Class org.gradle.internal.installation.CurrentGradleInstallationLocator               : loaded 2 times (x 69B)
Class org.gradle.api.internal.classpath.Module                                        : loaded 2 times (x 68B)
Class org.gradle.internal.service.CachingServiceLocator                               : loaded 2 times (x 80B)
Class org.gradle.internal.time.Timer                                                  : loaded 2 times (x 68B)
Class org.gradle.internal.classpath.DefaultClassPath                                  : loaded 2 times (x 88B)
Class org.gradle.api.Transformer                                                      : loaded 2 times (x 68B)
Class org.gradle.internal.time.Time                                                   : loaded 2 times (x 69B)
Class org.gradle.internal.time.TimeSource$1                                           : loaded 2 times (x 75B)
Class org.gradle.internal.classloader.SystemClassLoaderSpec                           : loaded 2 times (x 69B)
Class org.gradle.api.UncheckedIOException                                             : loaded 2 times (x 80B)
Class org.gradle.internal.time.CountdownTimer                                         : loaded 2 times (x 68B)
Class org.gradle.internal.time.Clock                                                  : loaded 2 times (x 68B)
Class org.gradle.internal.classloader.ClasspathUtil                                   : loaded 2 times (x 69B)
Class org.gradle.api.internal.DefaultClassPathRegistry                                : loaded 2 times (x 74B)
Class org.gradle.api.internal.classpath.DefaultModuleRegistry$DefaultModule           : loaded 2 times (x 84B)
Class org.gradle.internal.time.TimeSource                                             : loaded 2 times (x 68B)
Class org.gradle.api.internal.classpath.UnknownModuleException                        : loaded 2 times (x 80B)
Class org.gradle.internal.service.ServiceLookupException                              : loaded 2 times (x 80B)
Class org.gradle.cache.GlobalCache                                                    : loaded 2 times (x 68B)
Class [Lorg.gradle.api.internal.ClassPathProvider;                                    : loaded 2 times (x 67B)
Class org.gradle.internal.operations.MultipleBuildOperationFailures                   : loaded 2 times (x 85B)
Class org.gradle.util.internal.GUtil                                                  : loaded 2 times (x 69B)
Class org.gradle.internal.classloader.ClassLoaderSpec                                 : loaded 2 times (x 69B)
Class org.gradle.internal.classloader.VisitableURLClassLoader                         : loaded 2 times (x 114B)
Class org.gradle.internal.Cast                                                        : loaded 2 times (x 69B)
Class org.gradle.api.internal.ClassPathRegistry                                       : loaded 2 times (x 68B)
Class org.gradle.internal.classloader.ClassLoaderHierarchy                            : loaded 2 times (x 68B)
Class org.gradle.internal.exceptions.MultiCauseException                              : loaded 2 times (x 68B)
Class org.gradle.internal.service.ServiceLocator                                      : loaded 2 times (x 68B)
Class org.gradle.internal.classpath.DefaultClassPath$ImmutableUniqueList              : loaded 2 times (x 159B)
Class org.gradle.internal.time.DefaultTimer                                           : loaded 2 times (x 78B)
Class sync_studio_tooling1_3p1otxxbkdy2dbubecaj5h9nf                                  : loaded 2 times (x 177B)


---------------  S Y S T E M  ---------------

OS:
 Windows 10 , 64 bit Build 19041 (10.0.19041.3031)
OS uptime: 1 days 22:01 hours

CPU: total 4 (initial active 4) (4 cores per cpu, 1 threads per core) family 6 model 158 stepping 9 microcode 0xb4, cx8, cmov, fxsr, mmx, 3dnowpref, sse, sse2, sse3, ssse3, sse4.1, sse4.2, popcnt, lzcnt, tsc, tscinvbit, avx, avx2, aes, erms, clmul, bmi1, bmi2, adx, fma, vzeroupper, clflush, clflushopt

Memory: 4k page, system-wide physical 12201M (1841M free)
TotalPageFile size 12201M (AvailPageFile size 5M)
current process WorkingSet (physical memory assigned to process): 319M, peak: 319M
current process commit charge ("private bytes"): 458M, peak: 460M

vm_info: OpenJDK 64-Bit Server VM (17.0.7+7-b964.1) for windows-amd64 JRE (17.0.7+7-b964.1), built on 2023-05-19 by "builduser" with MS VC++ 16.10 / 16.11 (VS2019)

END.
