#
# There is insufficient memory for the Java Runtime Environment to continue.
# Native memory allocation (mmap) failed to map 201326592 bytes for Failed to commit area from 0x0000000741400000 to 0x000000074d400000 of length 201326592.
# Possible reasons:
#   The system is out of physical RAM or swap space
#   The process is running with CompressedOops enabled, and the Java Heap may be blocking the growth of the native heap
# Possible solutions:
#   Reduce memory load on the system
#   Increase physical memory or swap space
#   Check if swap backing store is full
#   Decrease Java heap size (-Xmx/-Xms)
#   Decrease number of Java threads
#   Decrease Java thread stack sizes (-Xss)
#   Set larger code cache with -XX:ReservedCodeCacheSize=
# This output file may be truncated or incomplete.
#
#  Out of Memory Error (os_windows.cpp:3386), pid=9980, tid=11876
#
# JRE version:  (11.0.18+10) (build )
# Java VM: OpenJDK 64-Bit Server VM (11.0.18+10-LTS, mixed mode, sharing, tiered, compressed oops, g1 gc, windows-amd64)
# No core dump will be written. Minidumps are not enabled by default on client versions of Windows
#

---------------  S U M M A R Y ------------

Command Line: -ea -Didea.test.cyclic.buffer.size=1048576 -javaagent:C:\Program Files\JetBrains\IntelliJ IDEA Community Edition 2023.1.2\lib\idea_rt.jar=50061:C:\Program Files\JetBrains\IntelliJ IDEA Community Edition 2023.1.2\bin -Dfile.encoding=UTF-8 com.intellij.rt.junit.JUnitStarter -ideVersion5 -junit5 com.ujo.test.util.StcisUtilTest,getCongestion

Host: Intel(R) Core(TM) i5-7300HQ CPU @ 2.50GHz, 4 cores, 11G,  Windows 10 , 64 bit Build 19041 (10.0.19041.3031)
Time: Mon Jun 19 19:01:36 2023  Windows 10 , 64 bit Build 19041 (10.0.19041.3031) elapsed time: 0.034300 seconds (0d 0h 0m 0s)

---------------  T H R E A D  ---------------

Current thread (0x000002b8ebe7e000):  JavaThread "Unknown thread" [_thread_in_vm, id=11876, stack(0x000000d226c00000,0x000000d226d00000)]

Stack: [0x000000d226c00000,0x000000d226d00000]
Native frames: (J=compiled Java code, j=interpreted, Vv=VM code, C=native code)
V  [jvm.dll+0x622c1a]
V  [jvm.dll+0x7af8a9]
V  [jvm.dll+0x7b0f98]
V  [jvm.dll+0x7b1673]
V  [jvm.dll+0x24ff88]
V  [jvm.dll+0x61ff2a]
V  [jvm.dll+0x6144e5]
V  [jvm.dll+0x30a4bc]
V  [jvm.dll+0x30a342]
V  [jvm.dll+0x30f056]
V  [jvm.dll+0x3553af]
V  [jvm.dll+0x354de0]
V  [jvm.dll+0x2e74d8]
V  [jvm.dll+0x2e8636]
V  [jvm.dll+0x7896f7]
V  [jvm.dll+0x78ae7f]
V  [jvm.dll+0x362109]
V  [jvm.dll+0x76c660]
V  [jvm.dll+0x3d0a4f]
V  [jvm.dll+0x3d2de1]
C  [jli.dll+0x5207]
C  [ucrtbase.dll+0x21bb2]
C  [KERNEL32.DLL+0x17614]
C  [ntdll.dll+0x526f1]


---------------  P R O C E S S  ---------------

Threads class SMR info:
_java_thread_list=0x000002b8e9c42a30, length=0, elements={
}

Java Threads: ( => current thread )

Other Threads:
  0x000002b8ebe96800 GCTaskThread "GC Thread#0" [stack: 0x000000d226d00000,0x000000d226e00000] [id=10372]
  0x000002b8ebedf000 ConcurrentGCThread "G1 Main Marker" [stack: 0x000000d226e00000,0x000000d226f00000] [id=3428]
  0x000002b8ebee0800 ConcurrentGCThread "G1 Conc#0" [stack: 0x000000d226f00000,0x000000d227000000] [id=6608]

[error occurred during error reporting (printing all threads), id 0xc0000005, EXCEPTION_ACCESS_VIOLATION (0xc0000005) at pc=0x00007ffe9c1b6ca7]

VM state:not at safepoint (not fully initialized)

VM Mutex/Monitor currently owned by a thread:  ([mutex/lock_event])
[0x000002b8ebe7b850] Heap_lock - owner thread: 0x000002b8ebe7e000

Heap address: 0x0000000741400000, size: 3052 MB, Compressed Oops mode: Non-zero based: 0x0000000741400000
Narrow klass base: 0x0000000000000000, Narrow klass shift: 0

GC Heap History (0 events):
No events

Deoptimization events (0 events):
No events

Classes redefined (0 events):
No events

Internal exceptions (0 events):
No events

Events (1 events):
Event: 0.029 Loaded shared library C:\Program Files\RedHat\java-11-openjdk-11.0.18-1\bin\zip.dll


Dynamic libraries:
0x00007ff7dc110000 - 0x00007ff7dc172000 	C:\Program Files\RedHat\java-11-openjdk-11.0.18-1\bin\java.exe
0x00007ffee1810000 - 0x00007ffee1a08000 	C:\WINDOWS\SYSTEM32\ntdll.dll
0x00007ffee0210000 - 0x00007ffee02cf000 	C:\WINDOWS\System32\KERNEL32.DLL
0x00007ffedf2c0000 - 0x00007ffedf5b6000 	C:\WINDOWS\System32\KERNELBASE.dll
0x00007ffedefa0000 - 0x00007ffedf0a0000 	C:\WINDOWS\System32\ucrtbase.dll
0x00007ffed72e0000 - 0x00007ffed72f5000 	C:\Program Files\RedHat\java-11-openjdk-11.0.18-1\bin\VCRUNTIME140.dll
0x00007ffed72c0000 - 0x00007ffed72d7000 	C:\Program Files\RedHat\java-11-openjdk-11.0.18-1\bin\jli.dll
0x00007ffee13e0000 - 0x00007ffee157d000 	C:\WINDOWS\System32\USER32.dll
0x00007ffedf6e0000 - 0x00007ffedf702000 	C:\WINDOWS\System32\win32u.dll
0x00007ffee05d0000 - 0x00007ffee05fc000 	C:\WINDOWS\System32\GDI32.dll
0x00007ffedf1a0000 - 0x00007ffedf2b5000 	C:\WINDOWS\System32\gdi32full.dll
0x00007ffed5b70000 - 0x00007ffed5e0a000 	C:\WINDOWS\WinSxS\amd64_microsoft.windows.common-controls_6595b64144ccf1df_6.0.19041.1110_none_60b5254171f9507e\COMCTL32.dll
0x00007ffedf640000 - 0x00007ffedf6dd000 	C:\WINDOWS\System32\msvcp_win.dll
0x00007ffee0a60000 - 0x00007ffee0afe000 	C:\WINDOWS\System32\msvcrt.dll
0x00007ffee1580000 - 0x00007ffee15b0000 	C:\WINDOWS\System32\IMM32.DLL
0x00007ffec4a80000 - 0x00007ffec4b1b000 	C:\Program Files\RedHat\java-11-openjdk-11.0.18-1\bin\msvcp140.dll
0x00007ffe9bec0000 - 0x00007ffe9ca4c000 	C:\Program Files\RedHat\java-11-openjdk-11.0.18-1\bin\server\jvm.dll
0x00007ffee0150000 - 0x00007ffee01ff000 	C:\WINDOWS\System32\ADVAPI32.dll
0x00007ffedf870000 - 0x00007ffedf90c000 	C:\WINDOWS\System32\sechost.dll
0x00007ffee1640000 - 0x00007ffee1766000 	C:\WINDOWS\System32\RPCRT4.dll
0x00007ffee0200000 - 0x00007ffee0208000 	C:\WINDOWS\System32\PSAPI.DLL
0x00007ffed9e80000 - 0x00007ffed9e89000 	C:\WINDOWS\SYSTEM32\WSOCK32.dll
0x00007ffee07f0000 - 0x00007ffee085b000 	C:\WINDOWS\System32\WS2_32.dll
0x00007ffed4920000 - 0x00007ffed492a000 	C:\WINDOWS\SYSTEM32\VERSION.dll
0x00007ffecf2f0000 - 0x00007ffecf317000 	C:\WINDOWS\SYSTEM32\WINMM.dll
0x00007ffedd730000 - 0x00007ffedd742000 	C:\WINDOWS\SYSTEM32\kernel.appcore.dll
0x00007ffed18c0000 - 0x00007ffed18d0000 	C:\Program Files\RedHat\java-11-openjdk-11.0.18-1\bin\verify.dll
0x00007ffed6850000 - 0x00007ffed6a34000 	C:\WINDOWS\SYSTEM32\DBGHELP.DLL
0x00007ffed65c0000 - 0x00007ffed65f4000 	C:\WINDOWS\SYSTEM32\dbgcore.DLL
0x00007ffedf110000 - 0x00007ffedf192000 	C:\WINDOWS\System32\bcryptPrimitives.dll
0x00007ffed1890000 - 0x00007ffed18b8000 	C:\Program Files\RedHat\java-11-openjdk-11.0.18-1\bin\java.dll
0x00007ffed1860000 - 0x00007ffed186a000 	C:\Program Files\RedHat\java-11-openjdk-11.0.18-1\bin\jimage.dll
0x00007ffed1850000 - 0x00007ffed185e000 	C:\Program Files\RedHat\java-11-openjdk-11.0.18-1\bin\instrument.dll
0x00007ffed1830000 - 0x00007ffed1848000 	C:\Program Files\RedHat\java-11-openjdk-11.0.18-1\bin\zip.dll

dbghelp: loaded successfully - version: 4.0.5 - missing functions: none
symbol engine: initialized successfully - sym options: 0x614 - pdb path: .;C:\Program Files\RedHat\java-11-openjdk-11.0.18-1\bin;C:\WINDOWS\SYSTEM32;C:\WINDOWS\WinSxS\amd64_microsoft.windows.common-controls_6595b64144ccf1df_6.0.19041.1110_none_60b5254171f9507e;C:\Program Files\RedHat\java-11-openjdk-11.0.18-1\bin\server

VM Arguments:
jvm_args: -ea -Didea.test.cyclic.buffer.size=1048576 -javaagent:C:\Program Files\JetBrains\IntelliJ IDEA Community Edition 2023.1.2\lib\idea_rt.jar=50061:C:\Program Files\JetBrains\IntelliJ IDEA Community Edition 2023.1.2\bin -Dfile.encoding=UTF-8 
java_command: com.intellij.rt.junit.JUnitStarter -ideVersion5 -junit5 com.ujo.test.util.StcisUtilTest,getCongestion
java_class_path (initial): C:\Users\OJD\.m2\repository\org\junit\platform\junit-platform-launcher\1.9.3\junit-platform-launcher-1.9.3.jar;C:\Users\OJD\.m2\repository\org\junit\platform\junit-platform-engine\1.9.3\junit-platform-engine-1.9.3.jar;C:\Users\OJD\.m2\repository\org\opentest4j\opentest4j\1.2.0\opentest4j-1.2.0.jar;C:\Users\OJD\.m2\repository\org\junit\platform\junit-platform-commons\1.9.3\junit-platform-commons-1.9.3.jar;C:\Users\OJD\.m2\repository\org\apiguardian\apiguardian-api\1.1.2\apiguardian-api-1.1.2.jar;C:\Program Files\JetBrains\IntelliJ IDEA Community Edition 2023.1.2\lib\idea_rt.jar;C:\Program Files\JetBrains\IntelliJ IDEA Community Edition 2023.1.2\plugins\junit\lib\junit5-rt.jar;C:\Program Files\JetBrains\IntelliJ IDEA Community Edition 2023.1.2\plugins\junit\lib\junit-rt.jar;C:\work\test\out\test\classes;C:\work\test\out\production\classes;C:\work\test\out\production\resources;C:\Users\OJD\.gradle\caches\modules-2\files-2.1\org.springframework.boot\spring-boot-starter-batch\3.1.0\46c280a1fb3f358fee7f86d59abde5b4f5d15832\spring-boot-starter-batch-3.1.0.jar;C:\Users\OJD\.gradle\caches\modules-2\files-2.1\org.springframework.boot\spring-boot-starter-web\3.1.0\36a8666047ea49114e0974bece35e2ef68cf975f\spring-boot-starter-web-3.1.0.jar;C:\Users\OJD\.gradle\caches\modules-2\files-2.1\org.springframework.boot\spring-boot-starter-test\3.1.0\d3586ab09b3377ee5ccd9045ee7e7cae3bd983a7\spring-boot-starter-test-3.1.0.jar;C:\Users\OJD\.gradle\caches\modules-2\files-2.1\org.springframework.batch\spring-batch-test\5.0.2\859d92bdf4feee1ffee594c6748cccb8fc3a8ff9\spring-batch-test-5.0.2.jar;C:\Users\OJD\.gradle\caches\modules-2\files-2.1\org.springframework.boot\spring-boot-starter-jdbc\3.1.0\1a828c8ec6fd10bb13cf7732799b236b096a4c4a\spring-boot-starter-jdbc-3.1.0.jar;C:\Users\OJD\.gradle\caches\modules-2\files-2.1\org.springframework.boot\spring-boot-starter\3.1.0\2960a1f899f4ee3eb815dc85986b0428c1a5289f\spring-boot-starter-3.1.0.jar;C:\Users\OJD\.gradle\caches
Launcher Type: SUN_STANDARD

[Global flags]
     intx CICompilerCount                          = 3                                         {product} {ergonomic}
     uint ConcGCThreads                            = 1                                         {product} {ergonomic}
     uint G1ConcRefinementThreads                  = 4                                         {product} {ergonomic}
   size_t G1HeapRegionSize                         = 1048576                                   {product} {ergonomic}
    uintx GCDrainStackTargetSize                   = 64                                        {product} {ergonomic}
   size_t InitialHeapSize                          = 201326592                                 {product} {ergonomic}
   size_t MarkStackSize                            = 4194304                                   {product} {ergonomic}
   size_t MaxHeapSize                              = 3200253952                                {product} {ergonomic}
   size_t MinHeapDeltaBytes                        = 1048576                                   {product} {ergonomic}
    uintx NonNMethodCodeHeapSize                   = 5830732                                {pd product} {ergonomic}
    uintx NonProfiledCodeHeapSize                  = 122913754                              {pd product} {ergonomic}
    uintx ProfiledCodeHeapSize                     = 122913754                              {pd product} {ergonomic}
    uintx ReservedCodeCacheSize                    = 251658240                              {pd product} {ergonomic}
     bool SegmentedCodeCache                       = true                                      {product} {ergonomic}
     bool UseCompressedClassPointers               = true                                 {lp64_product} {ergonomic}
     bool UseCompressedOops                        = true                                 {lp64_product} {ergonomic}
     bool UseG1GC                                  = true                                      {product} {ergonomic}
     bool UseLargePagesIndividualAllocation        = false                                  {pd product} {ergonomic}

Logging:
Log output configuration:
 #0: stdout all=warning uptime,level,tags
 #1: stderr all=off uptime,level,tags

Environment Variables:
JAVA_HOME=C:\Program Files\RedHat\java-11-openjdk-11.0.18-1
PATH=C:\Program Files (x86)\Intel\iCLS Client\;C:\Program Files\Intel\iCLS Client\;C:\windows\system32;C:\windows;C:\windows\System32\Wbem;C:\windows\System32\WindowsPowerShell\v1.0\;C:\Program Files (x86)\NVIDIA Corporation\PhysX\Common;C:\Program Files (x86)\Intel\Intel(R) Management Engine Components\DAL;C:\Program Files\Intel\Intel(R) Management Engine Components\DAL;C:\Program Files (x86)\Intel\Intel(R) Management Engine Components\IPT;C:\Program Files\Intel\Intel(R) Management Engine Components\IPT;C:\WINDOWS\system32;C:\WINDOWS;C:\WINDOWS\System32\Wbem;C:\WINDOWS\System32\WindowsPowerShell\v1.0\;C:\WINDOWS\System32\OpenSSH\;C:\Program Files\Microsoft\Web Platform Installer\;C:\Program Files (x86)\Microsoft ASP.NET\ASP.NET Web Pages\v1.0\;C:\Program Files (x86)\Windows Kits\8.0\Windows Performance Toolkit\;C:\Program Files\Microsoft SQL Server\110\Tools\Binn\;C:\Program Files\nodejs\;C:\nodejs\;C:\Program Files\RedHat\java-11-openjdk-11.0.18-1\bin;C:\Program Files\PuTTY\;C:\Program Files\Bandizip\;C:\Users\OJD\AppData\Local\Microsoft\WindowsApps;C:\Users\OJD\AppData\Roaming\npm;C:\Users\OJD\AppData\Local\Programs\Microsoft VS Code\bin;C:\Program Files\JetBrains\IntelliJ IDEA Community Edition 2023.1.2\bin;
USERNAME=OJD
OS=Windows_NT
PROCESSOR_IDENTIFIER=Intel64 Family 6 Model 158 Stepping 9, GenuineIntel
TMP=C:\Users\OJD\AppData\Local\Temp
TEMP=C:\Users\OJD\AppData\Local\Temp



---------------  S Y S T E M  ---------------

OS: Windows 10 , 64 bit Build 19041 (10.0.19041.3031)
OS uptime: 1 days 22:05 hours

CPU:total 4 (initial active 4) (4 cores per cpu, 1 threads per core) family 6 model 158 stepping 9 microcode 0xb4, cmov, cx8, fxsr, mmx, sse, sse2, sse3, ssse3, sse4.1, sse4.2, popcnt, avx, avx2, aes, clmul, erms, 3dnowpref, lzcnt, tsc, tscinvbit, bmi1, bmi2, adx, fma

Memory: 4k page, system-wide physical 12201M (1792M free)
TotalPageFile size 12201M (AvailPageFile size 115M)
current process WorkingSet (physical memory assigned to process): 10M, peak: 10M
current process commit charge ("private bytes"): 52M, peak: 244M

vm_info: OpenJDK 64-Bit Server VM (11.0.18+10-LTS) for windows-amd64 JRE (11.0.18+10-LTS), built on Jan 17 2023 15:03:26 by "" with MS VC++ 15.9 (VS2017)

END.
